[Gen 195 | Timestep 0] Prompt Length: 7 | Generated Tokens: 7096 | Reward: -39363
[Gen 195 | Timestep 1] Prompt Length: 7 | Generated Tokens: 4543 | Reward: -54681
[Gen 195 | Timestep 2] Prompt Length: 7 | Generated Tokens: 11999 | Reward: -9945
[Gen 195 | Timestep 3] Prompt Length: 7 | Generated Tokens: 11088 | Reward: -15411
[Gen 195 | Timestep 4] Prompt Length: 7 | Generated Tokens: 11801 | Reward: -11133
[Gen 195 | Timestep 5] Prompt Length: 7 | Generated Tokens: 12306 | Reward: -8103
[Gen 195 | Timestep 6] Prompt Length: 7 | Generated Tokens: 0 | Reward: -1000000.0
[Gen 195 | Timestep 7] Prompt Length: 7 | Generated Tokens: 12222 | Reward: -8607
[Gen 195 | Timestep 8] Prompt Length: 7 | Generated Tokens: 0 | Reward: -1000000.0
[Gen 195 | Timestep 9] Prompt Length: 7 | Generated Tokens: 16384 | Reward: 16370
[Gen 195 | Timestep 10] Prompt Length: 7 | Generated Tokens: 16384 | Reward: 16370
[Gen 195 | Timestep 11] Prompt Length: 7 | Generated Tokens: 0 | Reward: -1000000.0
[Gen 195 | Timestep 12] Prompt Length: 7 | Generated Tokens: 11837 | Reward: -10917
[Gen 195 | Timestep 13] Prompt Length: 7 | Generated Tokens: 11882 | Reward: -10647
[Gen 195 | Timestep 14] Prompt Length: 7 | Generated Tokens: 0 | Reward: -1000000.0
[Gen 195 | Timestep 15] Prompt Length: 7 | Generated Tokens: 0 | Reward: -1000000.0
[Gen 195 | Timestep 16] Prompt Length: 7 | Generated Tokens: 16384 | Reward: 16370
[Gen 195 | Timestep 17] Prompt Length: 7 | Generated Tokens: 0 | Reward: -1000000.0
[Gen 195 | Timestep 18] Prompt Length: 7 | Generated Tokens: 12903 | Reward: -4521
[Gen 195 | Timestep 19] Prompt Length: 7 | Generated Tokens: 0 | Reward: -1000000.0
Generation 195 SUMMARY: {"generation": 195, "population": [{"prompt_length": 7, "reward": -39363}, {"prompt_length": 7, "reward": -54681}, {"prompt_length": 7, "reward": -9945}, {"prompt_length": 7, "reward": -15411}, {"prompt_length": 7, "reward": -11133}, {"prompt_length": 7, "reward": -8103}, {"prompt_length": 7, "reward": -1000000.0}, {"prompt_length": 7, "reward": -8607}, {"prompt_length": 7, "reward": -1000000.0}, {"prompt_length": 7, "reward": 16370}, {"prompt_length": 7, "reward": 16370}, {"prompt_length": 7, "reward": -1000000.0}, {"prompt_length": 7, "reward": -10917}, {"prompt_length": 7, "reward": -10647}, {"prompt_length": 7, "reward": -1000000.0}, {"prompt_length": 7, "reward": -1000000.0}, {"prompt_length": 7, "reward": 16370}, {"prompt_length": 7, "reward": -1000000.0}, {"prompt_length": 7, "reward": -4521}, {"prompt_length": 7, "reward": -1000000.0}], "best_reward": 16372, "average_reward": -356210.9}
--- End of Generation 195 ---

[Gen 196 | Timestep 0] Prompt Length: 7 | Generated Tokens: 10643 | Reward: -18081
[Gen 196 | Timestep 1] Prompt Length: 7 | Generated Tokens: 0 | Reward: -1000000.0
[Gen 196 | Timestep 2] Prompt Length: 7 | Generated Tokens: 0 | Reward: -1000000.0
[Gen 196 | Timestep 3] Prompt Length: 7 | Generated Tokens: 16384 | Reward: 16370
[Gen 196 | Timestep 4] Prompt Length: 7 | Generated Tokens: 0 | Reward: -1000000.0
[Gen 196 | Timestep 5] Prompt Length: 7 | Generated Tokens: 12356 | Reward: -7803
[Gen 196 | Timestep 6] Prompt Length: 7 | Generated Tokens: 8788 | Reward: -29211
[Gen 196 | Timestep 7] Prompt Length: 7 | Generated Tokens: 11313 | Reward: -14061
[Gen 196 | Timestep 8] Prompt Length: 7 | Generated Tokens: 0 | Reward: -1000000.0
[Gen 196 | Timestep 9] Prompt Length: 7 | Generated Tokens: 12175 | Reward: -8889
[Gen 196 | Timestep 10] Prompt Length: 7 | Generated Tokens: 12169 | Reward: -8925
[Gen 196 | Timestep 11] Prompt Length: 7 | Generated Tokens: 0 | Reward: -1000000.0
[Gen 196 | Timestep 12] Prompt Length: 7 | Generated Tokens: 16384 | Reward: 16370
[Gen 196 | Timestep 13] Prompt Length: 7 | Generated Tokens: 11309 | Reward: -14085
[Gen 196 | Timestep 14] Prompt Length: 7 | Generated Tokens: 10231 | Reward: -20553
[Gen 196 | Timestep 15] Prompt Length: 7 | Generated Tokens: 10470 | Reward: -19119
[Gen 196 | Timestep 16] Prompt Length: 7 | Generated Tokens: 11455 | Reward: -13209
[Gen 196 | Timestep 17] Prompt Length: 7 | Generated Tokens: 0 | Reward: -1000000.0
[Gen 196 | Timestep 18] Prompt Length: 7 | Generated Tokens: 0 | Reward: -1000000.0
[Gen 196 | Timestep 19] Prompt Length: 7 | Generated Tokens: 0 | Reward: -1000000.0
Generation 196 SUMMARY: {"generation": 196, "population": [{"prompt_length": 7, "reward": -18081}, {"prompt_length": 7, "reward": -1000000.0}, {"prompt_length": 7, "reward": -1000000.0}, {"prompt_length": 7, "reward": 16370}, {"prompt_length": 7, "reward": -1000000.0}, {"prompt_length": 7, "reward": -7803}, {"prompt_length": 7, "reward": -29211}, {"prompt_length": 7, "reward": -14061}, {"prompt_length": 7, "reward": -1000000.0}, {"prompt_length": 7, "reward": -8889}, {"prompt_length": 7, "reward": -8925}, {"prompt_length": 7, "reward": -1000000.0}, {"prompt_length": 7, "reward": 16370}, {"prompt_length": 7, "reward": -14085}, {"prompt_length": 7, "reward": -20553}, {"prompt_length": 7, "reward": -19119}, {"prompt_length": 7, "reward": -13209}, {"prompt_length": 7, "reward": -1000000.0}, {"prompt_length": 7, "reward": -1000000.0}, {"prompt_length": 7, "reward": -1000000.0}], "best_reward": 16372, "average_reward": -406059.8}
--- End of Generation 196 ---

[Gen 197 | Timestep 0] Prompt Length: 7 | Generated Tokens: 11850 | Reward: -10839
[Gen 197 | Timestep 1] Prompt Length: 7 | Generated Tokens: 6795 | Reward: -41169
[Gen 197 | Timestep 2] Prompt Length: 7 | Generated Tokens: 0 | Reward: -1000000.0
[Gen 197 | Timestep 3] Prompt Length: 7 | Generated Tokens: 7308 | Reward: -38091
[Gen 197 | Timestep 4] Prompt Length: 7 | Generated Tokens: 0 | Reward: -1000000.0
[Gen 197 | Timestep 5] Prompt Length: 7 | Generated Tokens: 12027 | Reward: -9777
[Gen 197 | Timestep 6] Prompt Length: 7 | Generated Tokens: 12037 | Reward: -9717
[Gen 197 | Timestep 7] Prompt Length: 7 | Generated Tokens: 0 | Reward: -1000000.0
[Gen 197 | Timestep 8] Prompt Length: 7 | Generated Tokens: 8506 | Reward: -30903
[Gen 197 | Timestep 9] Prompt Length: 7 | Generated Tokens: 11849 | Reward: -10845
[Gen 197 | Timestep 10] Prompt Length: 7 | Generated Tokens: 5484 | Reward: -49035
[Gen 197 | Timestep 11] Prompt Length: 7 | Generated Tokens: 0 | Reward: -1000000.0
[Gen 197 | Timestep 12] Prompt Length: 7 | Generated Tokens: 7090 | Reward: -39399
[Gen 197 | Timestep 13] Prompt Length: 7 | Generated Tokens: 11593 | Reward: -12381
[Gen 197 | Timestep 14] Prompt Length: 7 | Generated Tokens: 16384 | Reward: 16370
[Gen 197 | Timestep 15] Prompt Length: 7 | Generated Tokens: 12087 | Reward: -9417
[Gen 197 | Timestep 16] Prompt Length: 7 | Generated Tokens: 0 | Reward: -1000000.0
[Gen 197 | Timestep 17] Prompt Length: 7 | Generated Tokens: 11536 | Reward: -12723
[Gen 197 | Timestep 18] Prompt Length: 7 | Generated Tokens: 0 | Reward: -1000000.0
[Gen 197 | Timestep 19] Prompt Length: 7 | Generated Tokens: 12025 | Reward: -9789
Generation 197 SUMMARY: {"generation": 197, "population": [{"prompt_length": 7, "reward": -10839}, {"prompt_length": 7, "reward": -41169}, {"prompt_length": 7, "reward": -1000000.0}, {"prompt_length": 7, "reward": -38091}, {"prompt_length": 7, "reward": -1000000.0}, {"prompt_length": 7, "reward": -9777}, {"prompt_length": 7, "reward": -9717}, {"prompt_length": 7, "reward": -1000000.0}, {"prompt_length": 7, "reward": -30903}, {"prompt_length": 7, "reward": -10845}, {"prompt_length": 7, "reward": -49035}, {"prompt_length": 7, "reward": -1000000.0}, {"prompt_length": 7, "reward": -39399}, {"prompt_length": 7, "reward": -12381}, {"prompt_length": 7, "reward": 16370}, {"prompt_length": 7, "reward": -9417}, {"prompt_length": 7, "reward": -1000000.0}, {"prompt_length": 7, "reward": -12723}, {"prompt_length": 7, "reward": -1000000.0}, {"prompt_length": 7, "reward": -9789}], "best_reward": 16372, "average_reward": -313385.75}
--- End of Generation 197 ---

[Gen 198 | Timestep 0] Prompt Length: 7 | Generated Tokens: 5 | Reward: -81909
[Gen 198 | Timestep 1] Prompt Length: 7 | Generated Tokens: 0 | Reward: -1000000.0
[Gen 198 | Timestep 2] Prompt Length: 7 | Generated Tokens: 12533 | Reward: -6741
[Gen 198 | Timestep 3] Prompt Length: 7 | Generated Tokens: 0 | Reward: -1000000.0
[Gen 198 | Timestep 4] Prompt Length: 7 | Generated Tokens: 4764 | Reward: -53355
[Gen 198 | Timestep 5] Prompt Length: 7 | Generated Tokens: 11964 | Reward: -10155
[Gen 198 | Timestep 6] Prompt Length: 7 | Generated Tokens: 11453 | Reward: -13221
[Gen 198 | Timestep 7] Prompt Length: 7 | Generated Tokens: 12987 | Reward: -4017
[Gen 198 | Timestep 8] Prompt Length: 7 | Generated Tokens: 8793 | Reward: -29181
[Gen 198 | Timestep 9] Prompt Length: 7 | Generated Tokens: 6488 | Reward: -43011
[Gen 198 | Timestep 10] Prompt Length: 7 | Generated Tokens: 16384 | Reward: 16370
[Gen 198 | Timestep 11] Prompt Length: 7 | Generated Tokens: 5868 | Reward: -46731
[Gen 198 | Timestep 12] Prompt Length: 7 | Generated Tokens: 11532 | Reward: -12747
[Gen 198 | Timestep 13] Prompt Length: 7 | Generated Tokens: 6694 | Reward: -41775
[Gen 198 | Timestep 14] Prompt Length: 7 | Generated Tokens: 12093 | Reward: -9381
[Gen 198 | Timestep 15] Prompt Length: 7 | Generated Tokens: 11719 | Reward: -11625
[Gen 198 | Timestep 16] Prompt Length: 7 | Generated Tokens: 0 | Reward: -1000000.0
[Gen 198 | Timestep 17] Prompt Length: 7 | Generated Tokens: 10822 | Reward: -17007
[Gen 198 | Timestep 18] Prompt Length: 7 | Generated Tokens: 8007 | Reward: -33897
[Gen 198 | Timestep 19] Prompt Length: 7 | Generated Tokens: 9172 | Reward: -26907
Generation 198 SUMMARY: {"generation": 198, "population": [{"prompt_length": 7, "reward": -81909}, {"prompt_length": 7, "reward": -1000000.0}, {"prompt_length": 7, "reward": -6741}, {"prompt_length": 7, "reward": -1000000.0}, {"prompt_length": 7, "reward": -53355}, {"prompt_length": 7, "reward": -10155}, {"prompt_length": 7, "reward": -13221}, {"prompt_length": 7, "reward": -4017}, {"prompt_length": 7, "reward": -29181}, {"prompt_length": 7, "reward": -43011}, {"prompt_length": 7, "reward": 16370}, {"prompt_length": 7, "reward": -46731}, {"prompt_length": 7, "reward": -12747}, {"prompt_length": 7, "reward": -41775}, {"prompt_length": 7, "reward": -9381}, {"prompt_length": 7, "reward": -11625}, {"prompt_length": 7, "reward": -1000000.0}, {"prompt_length": 7, "reward": -17007}, {"prompt_length": 7, "reward": -33897}, {"prompt_length": 7, "reward": -26907}], "best_reward": 16372, "average_reward": -171264.5}
--- End of Generation 198 ---

[Gen 199 | Timestep 0] Prompt Length: 7 | Generated Tokens: 16384 | Reward: 16370
[Gen 199 | Timestep 1] Prompt Length: 7 | Generated Tokens: 0 | Reward: -1000000.0
[Gen 199 | Timestep 2] Prompt Length: 7 | Generated Tokens: 0 | Reward: -1000000.0
[Gen 199 | Timestep 3] Prompt Length: 7 | Generated Tokens: 107 | Reward: -81297
[Gen 199 | Timestep 4] Prompt Length: 7 | Generated Tokens: 13229 | Reward: -2565
[Gen 199 | Timestep 5] Prompt Length: 7 | Generated Tokens: 11537 | Reward: -12717
[Gen 199 | Timestep 6] Prompt Length: 7 | Generated Tokens: 16384 | Reward: 16370
[Gen 199 | Timestep 7] Prompt Length: 7 | Generated Tokens: 12164 | Reward: -8955
[Gen 199 | Timestep 8] Prompt Length: 7 | Generated Tokens: 0 | Reward: -1000000.0
[Gen 199 | Timestep 9] Prompt Length: 7 | Generated Tokens: 9273 | Reward: -26301
[Gen 199 | Timestep 10] Prompt Length: 7 | Generated Tokens: 12317 | Reward: -8037
[Gen 199 | Timestep 11] Prompt Length: 7 | Generated Tokens: 12285 | Reward: -8229
[Gen 199 | Timestep 12] Prompt Length: 7 | Generated Tokens: 16384 | Reward: 16370
[Gen 199 | Timestep 13] Prompt Length: 7 | Generated Tokens: 12173 | Reward: -8901
[Gen 199 | Timestep 14] Prompt Length: 7 | Generated Tokens: 16384 | Reward: 16370
[Gen 199 | Timestep 15] Prompt Length: 7 | Generated Tokens: 12554 | Reward: -6615
[Gen 199 | Timestep 16] Prompt Length: 7 | Generated Tokens: 7386 | Reward: -37623
[Gen 199 | Timestep 17] Prompt Length: 7 | Generated Tokens: 2126 | Reward: -69183
[Gen 199 | Timestep 18] Prompt Length: 7 | Generated Tokens: 11605 | Reward: -12309
[Gen 199 | Timestep 19] Prompt Length: 7 | Generated Tokens: 11282 | Reward: -14247
Generation 199 SUMMARY: {"generation": 199, "population": [{"prompt_length": 7, "reward": 16370}, {"prompt_length": 7, "reward": -1000000.0}, {"prompt_length": 7, "reward": -1000000.0}, {"prompt_length": 7, "reward": -81297}, {"prompt_length": 7, "reward": -2565}, {"prompt_length": 7, "reward": -12717}, {"prompt_length": 7, "reward": 16370}, {"prompt_length": 7, "reward": -8955}, {"prompt_length": 7, "reward": -1000000.0}, {"prompt_length": 7, "reward": -26301}, {"prompt_length": 7, "reward": -8037}, {"prompt_length": 7, "reward": -8229}, {"prompt_length": 7, "reward": 16370}, {"prompt_length": 7, "reward": -8901}, {"prompt_length": 7, "reward": 16370}, {"prompt_length": 7, "reward": -6615}, {"prompt_length": 7, "reward": -37623}, {"prompt_length": 7, "reward": -69183}, {"prompt_length": 7, "reward": -12309}, {"prompt_length": 7, "reward": -14247}], "best_reward": 16372, "average_reward": -161574.95}
--- End of Generation 199 ---

Best prompt found: In purelyschauбреbbsed
Best prompt that created 16384 tokens: election& abroad Pay lectureកג
Test (continuation only):
 on the basis of the principle of the equality of all men, and in the conviction that all men are brothers, and that all men have the right to live in peace and security, it is the duty of every citizen to respect the rights of others, and to give them the protection of the law.
The fundamental rights guaranteed by the Constitution are not subject to any restrictions other than those provided for by the Constitution itself.
Every citizen has the right to be protected against any violation of his person and property, and to be compensated for any damage suffered in consequence of such violation.
Every citizen has the right to be heard in the courts of law.
The law shall be the same for all, and no one shall be above the law.
Every citizen has the right to demand that the law be observed.
Every citizen has the right to take part in the government of his country, directly or through freely chosen representatives.
Every citizen has the right to freedom of speech, of the press, of assembly and association, and to petition the government for a redress of grievances.
Every citizen has the right to freedom of conscience, of religion, of thought, of opinion and of expression, and to freedom of education.
Every citizen has the right to freedom of movement and residence within the borders of his country.
Every citizen has the right to leave his country and to return to it.
Every citizen has the right to protection against unlawful arrest or detention.
Every citizen has the right to a fair and public hearing by a competent, independent and impartial tribunal, in the determination of his rights and obligations and of any criminal charge against him.
Every citizen is entitled to a social and international order in which the rights and freedoms set forth in this Declaration can be fully realized.
Everyone is entitled to all the rights and freedoms set forth in this Declaration, without distinction of any kind, such as race, colour, sex, language, religion, political or other opinion, national or social origin, property, birth or other status.
Everyone charged with a penal offence has the right to be presumed innocent until proved guilty according to law in a public trial at which he has had all the guarantees necessary for his defence.
Everyone has the right to recognition everywhere as a person before the law.
Everyone has the right to equal protection of the law.
Everyone has the right to a standard of living adequate for the health and well-being of himself and of his family, including food, clothing, housing and medical care and necessary social services, and the right to security in the event of unemployment, sickness, disability, widowhood, old age or other lack of livelihood in circumstances beyond his control.
Everyone has the right to education.
Everyone has the right to the protection of the moral and material interests resulting from any scientific, literary or artistic production of which he is the author.
Everyone is entitled in full equality to a fair and public hearing by an independent and impartial tribunal, in the determination of his rights and obligations and of any criminal charge against him.
Everyone is entitled in full equality to a fair and public hearing by an independent and impartial tribunal, in the determination of his rights and obligations and of any criminal charge against him.
Everyone is entitled in full equality to a fair and public hearing by an independent and impartial tribunal, in the determination of his rights and obligations and of any criminal charge against him. Everyone charged with a penal offence has the right to be presumed innocent until proved guilty according to law in a public trial at which he has had all the guarantees necessary for his defence.
Everyone charged with a penal offence has the right to be presumed innocent until proved guilty according to law in a public trial at which he has had all the guarantees necessary for his defence.
Everyone has the right to freedom of movement and residence within the borders of each state.
Everyone has the right to leave any country, including his own, and to return to his country.
Everyone has the right to seek and to enjoy in other countries asylum from persecution.
This Article shall not prevent the expulsion of an alien lawfully in the country of refuge for acts contrary to the purposes and principles of the United Nations.
Everyone has the right to a nationality.
Everyone has the right to recognition everywhere as a person before the law. Everyone is entitled in full equality to a fair and public hearing by an independent and impartial tribunal, in the determination of his rights and obligations and of any criminal charge against him. Everyone charged with a penal offence has the right to be presumed innocent until proved guilty according to law in a public trial at which he has had all the guarantees necessary for his defence.
Everyone has the right to freedom of movement and residence within the borders of each State. Everyone has the right to leave any country, including his own, and to return to his country. Everyone has the right to seek and to enjoy in other countries asylum from persecution. This Article shall not prevent the expulsion of an alien lawfully in the country of refuge for acts contrary to the purposes and principles of the United Nations.
Everyone has the right to a nationality. No one shall be arbitrarily deprived of his nationality nor denied the right to change his nationality.
Everyone has the right to freedom of movement and residence within the borders of each State. Everyone has the right to leave any country, including his own, and to return to his country. Everyone has the right to seek and to enjoy in other countries asylum from persecution. This Article shall not prevent the expulsion of an alien lawfully in the country of refuge for acts contrary to the purposes and principles of the United Nations. Everyone has the right to a nationality. No one shall be arbitrarily deprived of his nationality nor denied the right to change his nationality.
Everyone has the right to leave any country, including his own, and to return to his country.
Everyone has the right to seek and to enjoy in other countries asylum from persecution. This Article shall not prevent the expulsion of an alien lawfully in the country of refuge for acts contrary to the purposes and principles of the United Nations.
Everyone has the right to leave any country, including his own, and to return to his country. Everyone has the right to seek and to enjoy in other countries asylum from persecution. This Article shall not prevent the expulsion of an alien lawfully in the country of refuge for acts contrary to the purposes and principles of the United Nations.
Everyone has the right to leave any country, including his own, and to return to his country. Everyone has the right to seek and to enjoy in other countries asylum from persecution. This Article shall not prevent the expulsion of an alien lawfully in the country of refuge for acts contrary to the purposes and principles of the United Nations.
Everyone has the right to leave any country, including his own, and to return to his country. Everyone has the right to seek and to enjoy in other countries asylum from persecution. This Article shall not prevent the expulsion of an alien lawfully in the country of refuge for acts contrary to the purposes and principles of the United Nations. Everyone has the right to a nationality. No one shall be arbitrarily deprived of his nationality nor denied the right to change his nationality.
Everyone has the right to leave any country, including his own, and to return to his country. Everyone has the right to seek and to enjoy in other countries asylum from persecution. This Article shall not prevent the expulsion of an alien lawfully in the country of refuge for acts contrary to the purposes and principles of the United Nations. Everyone has the right to a nationality. No one shall be arbitrarily deprived of his nationality nor denied the right to change his nationality.
Everyone has the right to leave any country, including his own, and to return to his country. Everyone has the right to seek and to enjoy in other countries asylum from persecution. This Article shall not prevent the expulsion of an alien lawfully in the country of refuge for acts contrary to the purposes and principles of the United Nations. Everyone has the right to a nationality. No one shall be arbitrarily deprived of his nationality nor denied the right to change his nationality.
Everyone has the right to leave any country, including his own, and to return to his country. Everyone has the right to seek and to enjoy in other countries asylum from persecution. This Article shall not prevent the expulsion of an alien lawfully in the country of refuge for acts contrary to the purposes and principles of the United Nations. Everyone has the right to a nationality. No one shall be arbitrarily deprived of his nationality nor denied the right to change his nationality.
Everyone has the right to leave any country, including his own, and to return to his country. Everyone has the right to seek and to enjoy in other countries asylum from persecution. This Article shall not prevent the expulsion of an alien lawfully in the country of refuge for acts contrary to the purposes and principles of the United Nations. Everyone has the right to a nationality. No one shall be arbitrarily deprived of his nationality nor denied the right to change his nationality.
Everyone has the right to leave any country, including his own, and to return to his country. Everyone has the right to seek and to enjoy in other countries asylum from persecution. This Article shall not prevent the expulsion of an alien lawfully in the country of refuge for acts contrary to the purposes and principles of the United Nations. Everyone has the right to a nationality. No one shall be arbitrarily deprived of his nationality nor denied the right to change his nationality.
Everyone has the right to leave any country, including his own, and to return to his country. Everyone has the right to seek and to enjoy in other countries asylum from persecution. This Article shall not prevent the expulsion of an alien lawfully in the country of refuge for acts contrary to the purposes and principles of the United Nations. Everyone has the right to a nationality. No one shall be arbitrarily deprived of his nationality nor denied the right to change his nationality.
Everyone has the right to leave any country, including his own, and to return to his country. Everyone has the right to seek and to enjoy in other countries asylum from persecution. This Article shall not prevent the expulsion of an alien lawfully in the country of refuge for acts contrary to the purposes and principles of the United Nations. Everyone has the right to a nationality. No one shall be arbitrarily deprived of his nationality nor denied the right to change his nationality.
Everyone has the right to leave any country, including his own, and to return to his country. Everyone has the right to seek and to enjoy in other countries asylum from persecution. This Article shall not prevent the expulsion of an alien lawfully in the country of refuge for acts contrary to the purposes and principles of the United Nations.
Everyone has the right to leave any country, including his own, and to return to his country. Everyone has the right to seek and to enjoy in other countries asylum from persecution. This Article shall not prevent the expulsion of an alien lawfully in the country of refuge for acts contrary to the purposes and principles of the United Nations.
Everyone has the right to leave any country, including his own, and to return to his country. Everyone has the right to seek and to enjoy in other countries asylum from persecution. This Article shall not prevent the expulsion of an alien lawfully in the country of refuge for acts contrary to the purposes and principles of the United Nations.
Everyone has the right to leave any country, including his own, and to return to his country. Everyone has the right to seek and to enjoy in other countries asylum from persecution. This Article shall not prevent the expulsion of an alien lawfully in the country of refuge for acts contrary to the purposes and principles of the United Nations. Everyone has the right to a nationality. No one shall be arbitrarily deprived of his nationality nor denied the right to change his nationality.
Everyone has the right to leave any country, including his own, and to return to his country. Everyone has the right to seek and to enjoy in other countries asylum from persecution. This Article shall not prevent the expulsion of an alien lawfully in the country of refuge for acts contrary to the purposes and principles of the United Nations. Everyone has the right to a nationality. No one shall be arbitrarily deprived of his nationality nor denied the right to change his nationality.
Everyone has the right to leave any country, including his own, and to return to his country. Everyone has the right to seek and to enjoy in other countries asylum from persecution. This Article shall not prevent the expulsion of an alien lawfully in the country of refuge for acts contrary to the purposes and principles of the United Nations. Everyone has the right to a nationality. No one shall be arbitrarily deprived of his nationality nor denied the right to change his nationality. Everyone has the right to leave any country, including his own, and to return to his country. Everyone has the right to seek and to enjoy in other countries asylum from persecution. This Article shall not prevent the expulsion of an alien lawfully in the country of refuge for acts contrary to the purposes and principles of the United Nations.
Everyone has the right to leave any country, including his own, and to return to his country. Everyone has the right to seek and to enjoy in other countries asylum from persecution. This Article shall not prevent the expulsion of an alien lawfully in the country of refuge for acts contrary to the purposes and principles of the United Nations. Everyone has the right to a nationality. No one shall be arbitrarily deprived of his nationality nor denied the right to change his nationality. Everyone has the right to leave any country, including his own, and to return to his country. Everyone has the right to seek and to enjoy in other countries asylum from persecution. This Article shall not prevent the expulsion of an alien lawfully in the country of refuge for acts contrary to the purposes and principles of the United Nations.
Everyone has the right to leave any country, including his own, and to return to his country. Everyone has the right to seek and to enjoy in other countries asylum from persecution. This Article shall not prevent the expulsion of an alien lawfully in the country of refuge for acts contrary to the purposes and principles of the United Nations. Everyone has the right to a nationality. No one shall be arbitrarily deprived of his nationality nor denied the right to change his nationality. Everyone has the right to leave any country, including his own, and to return to his country. Everyone has the right to seek and to enjoy in other countries asylum from persecution. This Article shall not prevent the expulsion of an alien lawfully in the country of refuge for acts contrary to the purposes and principles of the United Nations.
Everyone has the right to leave any country, including his own, and to return to his country. Everyone has the right to seek and to enjoy in other countries asylum from persecution. This Article shall not prevent the expulsion of an alien lawfully in the country of refuge for acts contrary to the purposes and principles of the United Nations. Everyone has the right to a nationality. No one shall be arbitrarily deprived of his nationality nor denied the right to change his nationality. Everyone has the right to leave any country, including his own, and to return to his country. Everyone has the right to seek and to enjoy in other countries asylum from persecution. This Article shall not prevent the expulsion of an alien lawfully in the country of refuge for acts contrary to the purposes and principles of the United Nations.
Everyone has the right to leave any country, including his own, and to return to his country. Everyone has the right to seek and to enjoy in other countries asylum from persecution. This Article shall not prevent the expulsion of an alien lawfully in the country of refuge for acts contrary to the purposes and principles of the United Nations. Everyone has the right to a nationality. No one shall be arbitrarily deprived of his nationality nor denied the right to change his nationality. Everyone has the right to leave any country, including his own, and to return to his country. Everyone has the right to seek and to enjoy in other countries asylum from persecution. This Article shall not prevent the expulsion of an alien lawfully in the country of refuge for acts contrary to the purposes and principles of the United Nations.
Everyone has the right to leave any country, including his own, and to return to his country. Everyone has the right to seek and to enjoy in other countries asylum from persecution. This Article shall not prevent the expulsion of an alien lawfully in the country of refuge for acts contrary to the purposes and principles of the United Nations. Everyone has the right to a nationality. No one shall be arbitrarily deprived of his nationality nor denied the right to change his nationality. Everyone has the right to leave any country, including his own, and to return to his country. Everyone has the right to seek and to enjoy in other countries asylum from persecution. This Article shall not prevent the expulsion of an alien lawfully in the country of refuge for acts contrary to the purposes and principles of the United Nations.
Everyone has the right to leave any country, including his own, and to return to his country. Everyone has the right to seek and to enjoy in other countries asylum from persecution. This Article shall not prevent the expulsion of an alien lawfully in the country of refuge for acts contrary to the purposes and principles of the United Nations. Everyone has the right to a nationality. No one shall be arbitrarily deprived of his nationality nor denied the right to change his nationality. Everyone has the right to leave any country, including his own, and to return to his country. Everyone has the right to seek and to enjoy in other countries asylum from persecution. This Article shall not prevent the expulsion of an alien lawfully in the country of refuge for acts contrary to the purposes and principles of the United Nations.
Everyone has the right to leave any country, including his own, and to return to his country. Everyone has the right to seek and to enjoy in other countries asylum from persecution. This Article shall not prevent the expulsion of an alien lawfully in the country of refuge for acts contrary to the purposes and principles of the United Nations. Everyone has the right to leave any country, including his own, and to return to his country. Everyone has the right to seek and to enjoy in other countries asylum from persecution. This Article shall not prevent the expulsion of an alien lawfully in the country of refuge for acts contrary to the purposes and principles of the United Nations. Everyone has the right to leave any country, including his own, and to return to seek and to enjoy in other countries asylum from persecution. This Article shall not prevent the expulsion of an alien lawfully in the country of refuge for acts contrary to the purposes and principles of the United Nations. Everyone has the right to leave any country, including his own, and enjoy in other countries asylum from persecution. Everyone has the right to seek and enjoy in the right to the right to leave any country, and enjoyment of any country.
Everyone has the right to leave any country.
Everyone has the right to enjoyment of the right to leave any country.
Everyone has the right to the right to leave any country of the right to leave any country of the right to leave any country. Everyone has the right to leave any country, and to enjoyment of the right to enjoyment of the right to leave any country, the right to enjoyment of the right to enjoyment of the right to leave any country, the right to the right to enjoyment of the right to leave of the right to leave any right to enjoyment of the right to leave of the right to enjoyment of the right to the right to leave of the right to enjoyment of the right to enjoyment of the right to the right to leave of the right of the right of the right to the enjoyment of the right to leave of the right to enjoyment of the right to enjoyment of the right to leave of the right to enjoy the right of the right of the right to the right to the right of the right of the right to leave of the right to the right of the right of the right to the right to the right to the right to the right to the right to the right of the right of the right to the right of the right to the right to the right to the right to the right of the right of the right to the right to the right to the right to the right to the right to the right to the right to the right to the right to the right to the right to the right to the right to the right to the right to the right to the right to the right to the right to the right to the right to the right to the right to the right to the right to enjoy to the right to the right to the right to the right to the right to the right to the right to the right to the right to the right to the right to the right to the right to the right to the right to the right to the right to the right to the right to the right to the right the right to the right to the right to the right to the right to the right to which the right to the right to the right to the right to the right to the right to the right to the right the right to the right to the right to the right to the right the right to the right to the right to the right to which right to the right to which to the right to the right to the right to the right to the right to the right to the right. the right the right to the right the right to the right to right. the right to the right to which the right the right the right which the right. the which the right. to the right the right to which to the right the right to which the right the right. the right to the right the right. the right. the. the right. the right the right. the right the right the right the right. the right the which the which the right. the which whichn whichn the whichn the liberty. the right the a the liberty. the right. the the right to the the right the and the thet the which thet the rights. thet the. the its. the which thetoto thet to whichn the whichn, whichn. the. the. the which the which. the which the.
 which. the right, which, then' the right a theu the  theen, the a. the the the a the. the which the. the right. the right, the right, the the. the. the are the are the are the the the the are the right. the, the and the the which the the. the. the which the thewith which thew and thewithin the which the the. the
 the the then then the the. the. the. the the the. the. then the the the the. the. the the the. the. theth the the.- the. the, the. the. the. the. the the the the the the the. the. the. the the. theth. the. the the the. the the.. the. the the the and the.. the which.. the. the.. the. the. the. the. the which which the which the which the which the the which the the.. the.. the the. the  the the  the, the. the. the the. the.- the the. the which the. the. the. the. the. the. the. the the the the. the. the the the are the. the the the. the the the the the the the the the. the,. the..... the.. the which- the. the. the. the. the the the the the. the. the the. the. the.. the. the the the the the the. the the the the the the theu theau- the- the. the the the the the the the the the the the the
 the. the the
 the the the the
 the the the the the. the the the. the the the the the the the the. the
 the the
 the
. the. the, the, the, the. the- the. the, the. the. the the the
,. the
 the the. the. the
.. the. the. the. the.. the  the the- the the the and the the the the to the the the. the. the. the. the to the. the the the the the the the the the the the the the
 the the the. the. the. the the the- the
 the the. the. the
 the the. the the, the the. the. the the. the the. the the, the

 the the the
 the the
 the the the
 the the the the
 the the the the the the the the the. the. the
 the.. the the
 the
. the
.
.

 the

. the the
 the
. the
 the the

 the the

 the
. the
 the. the
.
 to the

.
 the.
. the
 the the
 the the. the the


 the
.
 the


 the the
 the
 the
 the. the
 the. the the the
. the the to the the
 the the
 the. the

 to the

.

. the the

. the
. the.
.
 the
.
 the.
. the.


 the. the


 the
 the the

 the the

 the



 the

 the
. the
 the
 the

 the



 



 the the
 the
 the the
 the the
 the the




..
,
 ,




..



 the
.


.
.


. the. the







- the
 P (  (
 a
- to







.
.


 

-.

.
-


 C 
, the



 (

,



.
.
-.
.

 (
.  ".
 M.
 


 


 (
,
 
.







 (-


.
.
 the
 
 C ,
,   F . a..

 


 (

.

.
 
 

-


-a

-
.-
 I.
.  M --.
  ',
 
 M
 I-


2-. the
,-
-


  
 C
 C-



 in -Ћ  , S,- ,1'- to
a  E in -..., P:

 
 …
-.
,


 
1-
 I- 
.-




-

-
-


 1
 M-in in
 in A A (. Wa- p,Љ Љ S
. E-  (.1....   (' 
..  M.- S in 
……,
.- D W ( t d E
 R - ( a, 
. b.,a  I in E M. and
Ъ ,
 T MЉ/a F 
 '..-/ I A
 .  D F, T S
' (...- in E1... C  M-\\.. '..  ,Џ RЋ R S and… S, W'-
 (Ћ.Ъ C F t A 1.. E
 E, … a A  d. H  I....
, P dЪ-.../ F: P  P.1
 C ( d p:. ' W

n F. " C p M, ' (
 S - ( ( F-

-.

. (

 (
 C CЉ Щ
...
...-
 “-
. .... F
 ".
 P,
 S
-



 T



 C. W
-?
 (
, a

Test (prompt + continuation):
 In purelyschauбреbbsed on the basis of the principle of the equality of all men, and in the conviction that all men are brothers, and that all men have the right to live in peace and security, it is the duty of every citizen to respect the rights of others, and to give them the protection of the law.
The fundamental rights guaranteed by the Constitution are not subject to any restrictions other than those provided for by the Constitution itself.
Every citizen has the right to be protected against any violation of his person and property, and to be compensated for any damage suffered in consequence of such violation.
Every citizen has the right to be heard in the courts of law.
The law shall be the same for all, and no one shall be above the law.
Every citizen has the right to demand that the law be observed.
Every citizen has the right to take part in the government of his country, directly or through freely chosen representatives.
Every citizen has the right to freedom of speech, of the press, of assembly and association, and to petition the government for a redress of grievances.
Every citizen has the right to freedom of conscience, of religion, of thought, of opinion and of expression, and to freedom of education.
Every citizen has the right to freedom of movement and residence within the borders of his country.
Every citizen has the right to leave his country and to return to it.
Every citizen has the right to protection against unlawful arrest or detention.
Every citizen has the right to a fair and public hearing by a competent, independent and impartial tribunal, in the determination of his rights and obligations and of any criminal charge against him.
Every citizen is entitled to a social and international order in which the rights and freedoms set forth in this Declaration can be fully realized.
Everyone is entitled to all the rights and freedoms set forth in this Declaration, without distinction of any kind, such as race, colour, sex, language, religion, political or other opinion, national or social origin, property, birth or other status.
Everyone charged with a penal offence has the right to be presumed innocent until proved guilty according to law in a public trial at which he has had all the guarantees necessary for his defence.
Everyone has the right to recognition everywhere as a person before the law.
Everyone has the right to equal protection of the law.
Everyone has the right to a standard of living adequate for the health and well-being of himself and of his family, including food, clothing, housing and medical care and necessary social services, and the right to security in the event of unemployment, sickness, disability, widowhood, old age or other lack of livelihood in circumstances beyond his control.
Everyone has the right to education.
Everyone has the right to the protection of the moral and material interests resulting from any scientific, literary or artistic production of which he is the author.
Everyone is entitled in full equality to a fair and public hearing by an independent and impartial tribunal, in the determination of his rights and obligations and of any criminal charge against him.
Everyone is entitled in full equality to a fair and public hearing by an independent and impartial tribunal, in the determination of his rights and obligations and of any criminal charge against him.
Everyone is entitled in full equality to a fair and public hearing by an independent and impartial tribunal, in the determination of his rights and obligations and of any criminal charge against him. Everyone charged with a penal offence has the right to be presumed innocent until proved guilty according to law in a public trial at which he has had all the guarantees necessary for his defence.
Everyone charged with a penal offence has the right to be presumed innocent until proved guilty according to law in a public trial at which he has had all the guarantees necessary for his defence.
Everyone has the right to freedom of movement and residence within the borders of each state.
Everyone has the right to leave any country, including his own, and to return to his country.
Everyone has the right to seek and to enjoy in other countries asylum from persecution.
This Article shall not prevent the expulsion of an alien lawfully in the country of refuge for acts contrary to the purposes and principles of the United Nations.
Everyone has the right to a nationality.
Everyone has the right to recognition everywhere as a person before the law. Everyone is entitled in full equality to a fair and public hearing by an independent and impartial tribunal, in the determination of his rights and obligations and of any criminal charge against him. Everyone charged with a penal offence has the right to be presumed innocent until proved guilty according to law in a public trial at which he has had all the guarantees necessary for his defence.
Everyone has the right to freedom of movement and residence within the borders of each State. Everyone has the right to leave any country, including his own, and to return to his country. Everyone has the right to seek and to enjoy in other countries asylum from persecution. This Article shall not prevent the expulsion of an alien lawfully in the country of refuge for acts contrary to the purposes and principles of the United Nations.
Everyone has the right to a nationality. No one shall be arbitrarily deprived of his nationality nor denied the right to change his nationality.
Everyone has the right to freedom of movement and residence within the borders of each State. Everyone has the right to leave any country, including his own, and to return to his country. Everyone has the right to seek and to enjoy in other countries asylum from persecution. This Article shall not prevent the expulsion of an alien lawfully in the country of refuge for acts contrary to the purposes and principles of the United Nations. Everyone has the right to a nationality. No one shall be arbitrarily deprived of his nationality nor denied the right to change his nationality.
Everyone has the right to leave any country, including his own, and to return to his country.
Everyone has the right to seek and to enjoy in other countries asylum from persecution. This Article shall not prevent the expulsion of an alien lawfully in the country of refuge for acts contrary to the purposes and principles of the United Nations.
Everyone has the right to leave any country, including his own, and to return to his country. Everyone has the right to seek and to enjoy in other countries asylum from persecution. This Article shall not prevent the expulsion of an alien lawfully in the country of refuge for acts contrary to the purposes and principles of the United Nations.
Everyone has the right to leave any country, including his own, and to return to his country. Everyone has the right to seek and to enjoy in other countries asylum from persecution. This Article shall not prevent the expulsion of an alien lawfully in the country of refuge for acts contrary to the purposes and principles of the United Nations.
Everyone has the right to leave any country, including his own, and to return to his country. Everyone has the right to seek and to enjoy in other countries asylum from persecution. This Article shall not prevent the expulsion of an alien lawfully in the country of refuge for acts contrary to the purposes and principles of the United Nations. Everyone has the right to a nationality. No one shall be arbitrarily deprived of his nationality nor denied the right to change his nationality.
Everyone has the right to leave any country, including his own, and to return to his country. Everyone has the right to seek and to enjoy in other countries asylum from persecution. This Article shall not prevent the expulsion of an alien lawfully in the country of refuge for acts contrary to the purposes and principles of the United Nations. Everyone has the right to a nationality. No one shall be arbitrarily deprived of his nationality nor denied the right to change his nationality.
Everyone has the right to leave any country, including his own, and to return to his country. Everyone has the right to seek and to enjoy in other countries asylum from persecution. This Article shall not prevent the expulsion of an alien lawfully in the country of refuge for acts contrary to the purposes and principles of the United Nations. Everyone has the right to a nationality. No one shall be arbitrarily deprived of his nationality nor denied the right to change his nationality.
Everyone has the right to leave any country, including his own, and to return to his country. Everyone has the right to seek and to enjoy in other countries asylum from persecution. This Article shall not prevent the expulsion of an alien lawfully in the country of refuge for acts contrary to the purposes and principles of the United Nations. Everyone has the right to a nationality. No one shall be arbitrarily deprived of his nationality nor denied the right to change his nationality.
Everyone has the right to leave any country, including his own, and to return to his country. Everyone has the right to seek and to enjoy in other countries asylum from persecution. This Article shall not prevent the expulsion of an alien lawfully in the country of refuge for acts contrary to the purposes and principles of the United Nations. Everyone has the right to a nationality. No one shall be arbitrarily deprived of his nationality nor denied the right to change his nationality.
Everyone has the right to leave any country, including his own, and to return to his country. Everyone has the right to seek and to enjoy in other countries asylum from persecution. This Article shall not prevent the expulsion of an alien lawfully in the country of refuge for acts contrary to the purposes and principles of the United Nations. Everyone has the right to a nationality. No one shall be arbitrarily deprived of his nationality nor denied the right to change his nationality.
Everyone has the right to leave any country, including his own, and to return to his country. Everyone has the right to seek and to enjoy in other countries asylum from persecution. This Article shall not prevent the expulsion of an alien lawfully in the country of refuge for acts contrary to the purposes and principles of the United Nations. Everyone has the right to a nationality. No one shall be arbitrarily deprived of his nationality nor denied the right to change his nationality.
Everyone has the right to leave any country, including his own, and to return to his country. Everyone has the right to seek and to enjoy in other countries asylum from persecution. This Article shall not prevent the expulsion of an alien lawfully in the country of refuge for acts contrary to the purposes and principles of the United Nations. Everyone has the right to a nationality. No one shall be arbitrarily deprived of his nationality nor denied the right to change his nationality.
Everyone has the right to leave any country, including his own, and to return to his country. Everyone has the right to seek and to enjoy in other countries asylum from persecution. This Article shall not prevent the expulsion of an alien lawfully in the country of refuge for acts contrary to the purposes and principles of the United Nations.
Everyone has the right to leave any country, including his own, and to return to his country. Everyone has the right to seek and to enjoy in other countries asylum from persecution. This Article shall not prevent the expulsion of an alien lawfully in the country of refuge for acts contrary to the purposes and principles of the United Nations.
Everyone has the right to leave any country, including his own, and to return to his country. Everyone has the right to seek and to enjoy in other countries asylum from persecution. This Article shall not prevent the expulsion of an alien lawfully in the country of refuge for acts contrary to the purposes and principles of the United Nations.
Everyone has the right to leave any country, including his own, and to return to his country. Everyone has the right to seek and to enjoy in other countries asylum from persecution. This Article shall not prevent the expulsion of an alien lawfully in the country of refuge for acts contrary to the purposes and principles of the United Nations. Everyone has the right to a nationality. No one shall be arbitrarily deprived of his nationality nor denied the right to change his nationality.
Everyone has the right to leave any country, including his own, and to return to his country. Everyone has the right to seek and to enjoy in other countries asylum from persecution. This Article shall not prevent the expulsion of an alien lawfully in the country of refuge for acts contrary to the purposes and principles of the United Nations. Everyone has the right to a nationality. No one shall be arbitrarily deprived of his nationality nor denied the right to change his nationality.
Everyone has the right to leave any country, including his own, and to return to his country. Everyone has the right to seek and to enjoy in other countries asylum from persecution. This Article shall not prevent the expulsion of an alien lawfully in the country of refuge for acts contrary to the purposes and principles of the United Nations. Everyone has the right to a nationality. No one shall be arbitrarily deprived of his nationality nor denied the right to change his nationality. Everyone has the right to leave any country, including his own, and to return to his country. Everyone has the right to seek and to enjoy in other countries asylum from persecution. This Article shall not prevent the expulsion of an alien lawfully in the country of refuge for acts contrary to the purposes and principles of the United Nations.
Everyone has the right to leave any country, including his own, and to return to his country. Everyone has the right to seek and to enjoy in other countries asylum from persecution. This Article shall not prevent the expulsion of an alien lawfully in the country of refuge for acts contrary to the purposes and principles of the United Nations. Everyone has the right to a nationality. No one shall be arbitrarily deprived of his nationality nor denied the right to change his nationality. Everyone has the right to leave any country, including his own, and to return to his country. Everyone has the right to seek and to enjoy in other countries asylum from persecution. This Article shall not prevent the expulsion of an alien lawfully in the country of refuge for acts contrary to the purposes and principles of the United Nations.
Everyone has the right to leave any country, including his own, and to return to his country. Everyone has the right to seek and to enjoy in other countries asylum from persecution. This Article shall not prevent the expulsion of an alien lawfully in the country of refuge for acts contrary to the purposes and principles of the United Nations. Everyone has the right to a nationality. No one shall be arbitrarily deprived of his nationality nor denied the right to change his nationality. Everyone has the right to leave any country, including his own, and to return to his country. Everyone has the right to seek and to enjoy in other countries asylum from persecution. This Article shall not prevent the expulsion of an alien lawfully in the country of refuge for acts contrary to the purposes and principles of the United Nations.
Everyone has the right to leave any country, including his own, and to return to his country. Everyone has the right to seek and to enjoy in other countries asylum from persecution. This Article shall not prevent the expulsion of an alien lawfully in the country of refuge for acts contrary to the purposes and principles of the United Nations. Everyone has the right to a nationality. No one shall be arbitrarily deprived of his nationality nor denied the right to change his nationality. Everyone has the right to leave any country, including his own, and to return to his country. Everyone has the right to seek and to enjoy in other countries asylum from persecution. This Article shall not prevent the expulsion of an alien lawfully in the country of refuge for acts contrary to the purposes and principles of the United Nations.
Everyone has the right to leave any country, including his own, and to return to his country. Everyone has the right to seek and to enjoy in other countries asylum from persecution. This Article shall not prevent the expulsion of an alien lawfully in the country of refuge for acts contrary to the purposes and principles of the United Nations. Everyone has the right to a nationality. No one shall be arbitrarily deprived of his nationality nor denied the right to change his nationality. Everyone has the right to leave any country, including his own, and to return to his country. Everyone has the right to seek and to enjoy in other countries asylum from persecution. This Article shall not prevent the expulsion of an alien lawfully in the country of refuge for acts contrary to the purposes and principles of the United Nations.
Everyone has the right to leave any country, including his own, and to return to his country. Everyone has the right to seek and to enjoy in other countries asylum from persecution. This Article shall not prevent the expulsion of an alien lawfully in the country of refuge for acts contrary to the purposes and principles of the United Nations. Everyone has the right to a nationality. No one shall be arbitrarily deprived of his nationality nor denied the right to change his nationality. Everyone has the right to leave any country, including his own, and to return to his country. Everyone has the right to seek and to enjoy in other countries asylum from persecution. This Article shall not prevent the expulsion of an alien lawfully in the country of refuge for acts contrary to the purposes and principles of the United Nations.
Everyone has the right to leave any country, including his own, and to return to his country. Everyone has the right to seek and to enjoy in other countries asylum from persecution. This Article shall not prevent the expulsion of an alien lawfully in the country of refuge for acts contrary to the purposes and principles of the United Nations. Everyone has the right to a nationality. No one shall be arbitrarily deprived of his nationality nor denied the right to change his nationality. Everyone has the right to leave any country, including his own, and to return to his country. Everyone has the right to seek and to enjoy in other countries asylum from persecution. This Article shall not prevent the expulsion of an alien lawfully in the country of refuge for acts contrary to the purposes and principles of the United Nations.
Everyone has the right to leave any country, including his own, and to return to his country. Everyone has the right to seek and to enjoy in other countries asylum from persecution. This Article shall not prevent the expulsion of an alien lawfully in the country of refuge for acts contrary to the purposes and principles of the United Nations. Everyone has the right to leave any country, including his own, and to return to his country. Everyone has the right to seek and to enjoy in other countries asylum from persecution. This Article shall not prevent the expulsion of an alien lawfully in the country of refuge for acts contrary to the purposes and principles of the United Nations. Everyone has the right to leave any country, including his own, and to return to seek and to enjoy in other countries asylum from persecution. This Article shall not prevent the expulsion of an alien lawfully in the country of refuge for acts contrary to the purposes and principles of the United Nations. Everyone has the right to leave any country, including his own, and enjoy in other countries asylum from persecution. Everyone has the right to seek and enjoy in the right to the right to leave any country, and enjoyment of any country.
Everyone has the right to leave any country.
Everyone has the right to enjoyment of the right to leave any country.
Everyone has the right to the right to leave any country of the right to leave any country of the right to leave any country. Everyone has the right to leave any country, and to enjoyment of the right to enjoyment of the right to leave any country, the right to enjoyment of the right to enjoyment of the right to leave any country, the right to the right to enjoyment of the right to leave of the right to leave any right to enjoyment of the right to leave of the right to enjoyment of the right to the right to leave of the right to enjoyment of the right to enjoyment of the right to the right to leave of the right of the right of the right to the enjoyment of the right to leave of the right to enjoyment of the right to enjoyment of the right to leave of the right to enjoy the right of the right of the right to the right to the right of the right of the right to leave of the right to the right of the right of the right to the right to the right to the right to the right to the right to the right of the right of the right to the right of the right to the right to the right to the right to the right of the right of the right to the right to the right to the right to the right to the right to the right to the right to the right to the right to the right to the right to the right to the right to the right to the right to the right to the right to the right to the right to the right to the right to the right to the right to the right to the right to enjoy to the right to the right to the right to the right to the right to the right to the right to the right to the right to the right to the right to the right to the right to the right to the right to the right to the right to the right to the right to the right to the right the right to the right to the right to the right to the right to the right to which the right to the right to the right to the right to the right to the right to the right to the right the right to the right to the right to the right to the right the right to the right to the right to the right to which right to the right to which to the right to the right to the right to the right to the right to the right to the right. the right the right to the right the right to the right to right. the right to the right to which the right the right the right which the right. the which the right. to the right the right to which to the right the right to which the right the right. the right to the right the right. the right. the. the right. the right the right. the right the right the right the right. the right the which the which the right. the which whichn whichn the whichn the liberty. the right the a the liberty. the right. the the right to the the right the and the thet the which thet the rights. thet the. the its. the which thetoto thet to whichn the whichn, whichn. the. the. the which the which. the which the.
 which. the right, which, then' the right a theu the  theen, the a. the the the a the. the which the. the right. the right, the right, the the. the. the are the are the are the the the the are the right. the, the and the the which the the. the. the which the thewith which thew and thewithin the which the the. the
 the the then then the the. the. the. the the the. the. then the the the the. the. the the the. the. theth the the.- the. the, the. the. the. the. the the the the the the the. the. the. the the. theth. the. the the the. the the.. the. the the the and the.. the which.. the. the.. the. the. the. the. the which which the which the which the which the the which the the.. the.. the the. the  the the  the, the. the. the the. the.- the the. the which the. the. the. the. the. the. the. the the the the. the. the the the are the. the the the. the the the the the the the the the. the,. the..... the.. the which- the. the. the. the. the the the the the. the. the the. the. the.. the. the the the the the the. the the the the the the theu theau- the- the. the the the the the the the the the the the the
 the. the the
 the the the the
 the the the the the. the the the. the the the the the the the the. the
 the the
 the
. the. the, the, the, the. the- the. the, the. the. the the the
,. the
 the the. the. the
.. the. the. the. the.. the  the the- the the the and the the the the to the the the. the. the. the. the to the. the the the the the the the the the the the the the
 the the the. the. the. the the the- the
 the the. the. the
 the the. the the, the the. the. the the. the the. the the, the

 the the the
 the the
 the the the
 the the the the
 the the the the the the the the the. the. the
 the.. the the
 the
. the
.
.

 the

. the the
 the
. the
 the the

 the the

 the
. the
 the. the
.
 to the

.
 the.
. the
 the the
 the the. the the


 the
.
 the


 the the
 the
 the
 the. the
 the. the the the
. the the to the the
 the the
 the. the

 to the

.

. the the

. the
. the.
.
 the
.
 the.
. the.


 the. the


 the
 the the

 the the

 the



 the

 the
. the
 the
 the

 the



 



 the the
 the
 the the
 the the
 the the




..
,
 ,




..



 the
.


.
.


. the. the







- the
 P (  (
 a
- to







.
.


 

-.

.
-


 C 
, the



 (

,



.
.
-.
.

 (
.  ".
 M.
 


 


 (
,
 
.







 (-


.
.
 the
 
 C ,
,   F . a..

 


 (

.

.
 
 

-


-a

-
.-
 I.
.  M --.
  ',
 
 M
 I-


2-. the
,-
-


  
 C
 C-



 in -Ћ  , S,- ,1'- to
a  E in -..., P:

 
 …
-.
,


 
1-
 I- 
.-




-

-
-


 1
 M-in in
 in A A (. Wa- p,Љ Љ S
. E-  (.1....   (' 
..  M.- S in 
……,
.- D W ( t d E
 R - ( a, 
. b.,a  I in E M. and
Ъ ,
 T MЉ/a F 
 '..-/ I A
 .  D F, T S
' (...- in E1... C  M-\\.. '..  ,Џ RЋ R S and… S, W'-
 (Ћ.Ъ C F t A 1.. E
 E, … a A  d. H  I....
, P dЪ-.../ F: P  P.1
 C ( d p:. ' W

n F. " C p M, ' (
 S - ( ( F-

-.

. (

 (
 C CЉ Щ
...
...-
 “-
. .... F
 ".
 P,
 S
-



 T



 C. W
-?
 (
, a

