[Gen 476 | Timestep 0] Prompt Length: 7 | Generated Tokens: 16384 | Reward: 16370
[Gen 476 | Timestep 1] Prompt Length: 7 | Generated Tokens: 16384 | Reward: 16370
[Gen 476 | Timestep 2] Prompt Length: 7 | Generated Tokens: 16384 | Reward: 16370
[Gen 476 | Timestep 3] Prompt Length: 7 | Generated Tokens: 16384 | Reward: 16370
[Gen 476 | Timestep 4] Prompt Length: 7 | Generated Tokens: 16384 | Reward: 16370
[Gen 476 | Timestep 5] Prompt Length: 7 | Generated Tokens: 16384 | Reward: 16370
[Gen 476 | Timestep 6] Prompt Length: 7 | Generated Tokens: 16384 | Reward: 16370
[Gen 476 | Timestep 7] Prompt Length: 7 | Generated Tokens: 16384 | Reward: 16370
[Gen 476 | Timestep 8] Prompt Length: 7 | Generated Tokens: 16384 | Reward: 16370
[Gen 476 | Timestep 9] Prompt Length: 7 | Generated Tokens: 16384 | Reward: 16370
[Gen 476 | Timestep 10] Prompt Length: 7 | Generated Tokens: 16384 | Reward: 16370
[Gen 476 | Timestep 11] Prompt Length: 7 | Generated Tokens: 16384 | Reward: 16370
[Gen 476 | Timestep 12] Prompt Length: 7 | Generated Tokens: 16384 | Reward: 16370
[Gen 476 | Timestep 13] Prompt Length: 7 | Generated Tokens: 16384 | Reward: 16370
[Gen 476 | Timestep 14] Prompt Length: 7 | Generated Tokens: 16384 | Reward: 16370
[Gen 476 | Timestep 15] Prompt Length: 7 | Generated Tokens: 16384 | Reward: 16370
[Gen 476 | Timestep 16] Prompt Length: 7 | Generated Tokens: 16384 | Reward: 16370
[Gen 476 | Timestep 17] Prompt Length: 7 | Generated Tokens: 16384 | Reward: 16370
[Gen 476 | Timestep 18] Prompt Length: 7 | Generated Tokens: 16384 | Reward: 16370
[Gen 476 | Timestep 19] Prompt Length: 7 | Generated Tokens: 16384 | Reward: 16370
Generation 476 SUMMARY: {"generation": 476, "population": [{"prompt_length": 7, "reward": 16370}, {"prompt_length": 7, "reward": 16370}, {"prompt_length": 7, "reward": 16370}, {"prompt_length": 7, "reward": 16370}, {"prompt_length": 7, "reward": 16370}, {"prompt_length": 7, "reward": 16370}, {"prompt_length": 7, "reward": 16370}, {"prompt_length": 7, "reward": 16370}, {"prompt_length": 7, "reward": 16370}, {"prompt_length": 7, "reward": 16370}, {"prompt_length": 7, "reward": 16370}, {"prompt_length": 7, "reward": 16370}, {"prompt_length": 7, "reward": 16370}, {"prompt_length": 7, "reward": 16370}, {"prompt_length": 7, "reward": 16370}, {"prompt_length": 7, "reward": 16370}, {"prompt_length": 7, "reward": 16370}, {"prompt_length": 7, "reward": 16370}, {"prompt_length": 7, "reward": 16370}, {"prompt_length": 7, "reward": 16370}], "best_reward": 16372, "average_reward": 16370.0}
--- End of Generation 476 ---

[Gen 477 | Timestep 0] Prompt Length: 7 | Generated Tokens: 16384 | Reward: 16370
[Gen 477 | Timestep 1] Prompt Length: 7 | Generated Tokens: 16384 | Reward: 16370
[Gen 477 | Timestep 2] Prompt Length: 7 | Generated Tokens: 16384 | Reward: 16370
[Gen 477 | Timestep 3] Prompt Length: 7 | Generated Tokens: 16384 | Reward: 16370
[Gen 477 | Timestep 4] Prompt Length: 7 | Generated Tokens: 16384 | Reward: 16370
[Gen 477 | Timestep 5] Prompt Length: 7 | Generated Tokens: 16384 | Reward: 16370
[Gen 477 | Timestep 6] Prompt Length: 7 | Generated Tokens: 16384 | Reward: 16370
[Gen 477 | Timestep 7] Prompt Length: 7 | Generated Tokens: 11224 | Reward: -14595
[Gen 477 | Timestep 8] Prompt Length: 7 | Generated Tokens: 16384 | Reward: 16370
[Gen 477 | Timestep 9] Prompt Length: 7 | Generated Tokens: 16384 | Reward: 16370
[Gen 477 | Timestep 10] Prompt Length: 7 | Generated Tokens: 16384 | Reward: 16370
[Gen 477 | Timestep 11] Prompt Length: 7 | Generated Tokens: 16384 | Reward: 16370
[Gen 477 | Timestep 12] Prompt Length: 7 | Generated Tokens: 16384 | Reward: 16370
[Gen 477 | Timestep 13] Prompt Length: 7 | Generated Tokens: 16384 | Reward: 16370
[Gen 477 | Timestep 14] Prompt Length: 7 | Generated Tokens: 16384 | Reward: 16370
[Gen 477 | Timestep 15] Prompt Length: 7 | Generated Tokens: 1106 | Reward: -75303
[Gen 477 | Timestep 16] Prompt Length: 7 | Generated Tokens: 16384 | Reward: 16370
[Gen 477 | Timestep 17] Prompt Length: 7 | Generated Tokens: 11261 | Reward: -14373
[Gen 477 | Timestep 18] Prompt Length: 7 | Generated Tokens: 16384 | Reward: 16370
[Gen 477 | Timestep 19] Prompt Length: 7 | Generated Tokens: 16384 | Reward: 16370
Generation 477 SUMMARY: {"generation": 477, "population": [{"prompt_length": 7, "reward": 16370}, {"prompt_length": 7, "reward": 16370}, {"prompt_length": 7, "reward": 16370}, {"prompt_length": 7, "reward": 16370}, {"prompt_length": 7, "reward": 16370}, {"prompt_length": 7, "reward": 16370}, {"prompt_length": 7, "reward": 16370}, {"prompt_length": 7, "reward": -14595}, {"prompt_length": 7, "reward": 16370}, {"prompt_length": 7, "reward": 16370}, {"prompt_length": 7, "reward": 16370}, {"prompt_length": 7, "reward": 16370}, {"prompt_length": 7, "reward": 16370}, {"prompt_length": 7, "reward": 16370}, {"prompt_length": 7, "reward": 16370}, {"prompt_length": 7, "reward": -75303}, {"prompt_length": 7, "reward": 16370}, {"prompt_length": 7, "reward": -14373}, {"prompt_length": 7, "reward": 16370}, {"prompt_length": 7, "reward": 16370}], "best_reward": 16372, "average_reward": 8700.95}
--- End of Generation 477 ---

[Gen 478 | Timestep 0] Prompt Length: 7 | Generated Tokens: 16384 | Reward: 16370
[Gen 478 | Timestep 1] Prompt Length: 7 | Generated Tokens: 16384 | Reward: 16370
[Gen 478 | Timestep 2] Prompt Length: 7 | Generated Tokens: 16384 | Reward: 16370
[Gen 478 | Timestep 3] Prompt Length: 7 | Generated Tokens: 16384 | Reward: 16370
[Gen 478 | Timestep 4] Prompt Length: 7 | Generated Tokens: 16384 | Reward: 16370
[Gen 478 | Timestep 5] Prompt Length: 7 | Generated Tokens: 16384 | Reward: 16370
[Gen 478 | Timestep 6] Prompt Length: 7 | Generated Tokens: 16384 | Reward: 16370
[Gen 478 | Timestep 7] Prompt Length: 7 | Generated Tokens: 16384 | Reward: 16370
[Gen 478 | Timestep 8] Prompt Length: 7 | Generated Tokens: 16384 | Reward: 16370
[Gen 478 | Timestep 9] Prompt Length: 7 | Generated Tokens: 16384 | Reward: 16370
[Gen 478 | Timestep 10] Prompt Length: 7 | Generated Tokens: 16384 | Reward: 16370
[Gen 478 | Timestep 11] Prompt Length: 7 | Generated Tokens: 8046 | Reward: -33663
[Gen 478 | Timestep 12] Prompt Length: 7 | Generated Tokens: 16384 | Reward: 16370
[Gen 478 | Timestep 13] Prompt Length: 7 | Generated Tokens: 16384 | Reward: 16370
[Gen 478 | Timestep 14] Prompt Length: 7 | Generated Tokens: 16384 | Reward: 16370
[Gen 478 | Timestep 15] Prompt Length: 7 | Generated Tokens: 16384 | Reward: 16370
[Gen 478 | Timestep 16] Prompt Length: 7 | Generated Tokens: 16384 | Reward: 16370
[Gen 478 | Timestep 17] Prompt Length: 7 | Generated Tokens: 16384 | Reward: 16370
[Gen 478 | Timestep 18] Prompt Length: 7 | Generated Tokens: 16384 | Reward: 16370
[Gen 478 | Timestep 19] Prompt Length: 7 | Generated Tokens: 16384 | Reward: 16370
Generation 478 SUMMARY: {"generation": 478, "population": [{"prompt_length": 7, "reward": 16370}, {"prompt_length": 7, "reward": 16370}, {"prompt_length": 7, "reward": 16370}, {"prompt_length": 7, "reward": 16370}, {"prompt_length": 7, "reward": 16370}, {"prompt_length": 7, "reward": 16370}, {"prompt_length": 7, "reward": 16370}, {"prompt_length": 7, "reward": 16370}, {"prompt_length": 7, "reward": 16370}, {"prompt_length": 7, "reward": 16370}, {"prompt_length": 7, "reward": 16370}, {"prompt_length": 7, "reward": -33663}, {"prompt_length": 7, "reward": 16370}, {"prompt_length": 7, "reward": 16370}, {"prompt_length": 7, "reward": 16370}, {"prompt_length": 7, "reward": 16370}, {"prompt_length": 7, "reward": 16370}, {"prompt_length": 7, "reward": 16370}, {"prompt_length": 7, "reward": 16370}, {"prompt_length": 7, "reward": 16370}], "best_reward": 16372, "average_reward": 13868.35}
--- End of Generation 478 ---

[Gen 479 | Timestep 0] Prompt Length: 7 | Generated Tokens: 16384 | Reward: 16370
[Gen 479 | Timestep 1] Prompt Length: 7 | Generated Tokens: 16384 | Reward: 16370
[Gen 479 | Timestep 2] Prompt Length: 7 | Generated Tokens: 16384 | Reward: 16370
[Gen 479 | Timestep 3] Prompt Length: 7 | Generated Tokens: 16384 | Reward: 16370
[Gen 479 | Timestep 4] Prompt Length: 7 | Generated Tokens: 16384 | Reward: 16370
[Gen 479 | Timestep 5] Prompt Length: 7 | Generated Tokens: 16384 | Reward: 16370
[Gen 479 | Timestep 6] Prompt Length: 7 | Generated Tokens: 16384 | Reward: 16370
[Gen 479 | Timestep 7] Prompt Length: 7 | Generated Tokens: 16384 | Reward: 16370
[Gen 479 | Timestep 8] Prompt Length: 7 | Generated Tokens: 16384 | Reward: 16370
[Gen 479 | Timestep 9] Prompt Length: 7 | Generated Tokens: 16384 | Reward: 16370
[Gen 479 | Timestep 10] Prompt Length: 7 | Generated Tokens: 16384 | Reward: 16370
[Gen 479 | Timestep 11] Prompt Length: 7 | Generated Tokens: 16384 | Reward: 16370
[Gen 479 | Timestep 12] Prompt Length: 7 | Generated Tokens: 16384 | Reward: 16370
[Gen 479 | Timestep 13] Prompt Length: 7 | Generated Tokens: 16384 | Reward: 16370
[Gen 479 | Timestep 14] Prompt Length: 7 | Generated Tokens: 16384 | Reward: 16370
[Gen 479 | Timestep 15] Prompt Length: 7 | Generated Tokens: 16384 | Reward: 16370
[Gen 479 | Timestep 16] Prompt Length: 7 | Generated Tokens: 16384 | Reward: 16370
[Gen 479 | Timestep 17] Prompt Length: 7 | Generated Tokens: 16384 | Reward: 16370
[Gen 479 | Timestep 18] Prompt Length: 7 | Generated Tokens: 16384 | Reward: 16370
[Gen 479 | Timestep 19] Prompt Length: 7 | Generated Tokens: 16384 | Reward: 16370
Generation 479 SUMMARY: {"generation": 479, "population": [{"prompt_length": 7, "reward": 16370}, {"prompt_length": 7, "reward": 16370}, {"prompt_length": 7, "reward": 16370}, {"prompt_length": 7, "reward": 16370}, {"prompt_length": 7, "reward": 16370}, {"prompt_length": 7, "reward": 16370}, {"prompt_length": 7, "reward": 16370}, {"prompt_length": 7, "reward": 16370}, {"prompt_length": 7, "reward": 16370}, {"prompt_length": 7, "reward": 16370}, {"prompt_length": 7, "reward": 16370}, {"prompt_length": 7, "reward": 16370}, {"prompt_length": 7, "reward": 16370}, {"prompt_length": 7, "reward": 16370}, {"prompt_length": 7, "reward": 16370}, {"prompt_length": 7, "reward": 16370}, {"prompt_length": 7, "reward": 16370}, {"prompt_length": 7, "reward": 16370}, {"prompt_length": 7, "reward": 16370}, {"prompt_length": 7, "reward": 16370}], "best_reward": 16372, "average_reward": 16370.0}
--- End of Generation 479 ---

[Gen 480 | Timestep 0] Prompt Length: 7 | Generated Tokens: 16384 | Reward: 16370
[Gen 480 | Timestep 1] Prompt Length: 7 | Generated Tokens: 16384 | Reward: 16370
[Gen 480 | Timestep 2] Prompt Length: 7 | Generated Tokens: 16384 | Reward: 16370
[Gen 480 | Timestep 3] Prompt Length: 7 | Generated Tokens: 16384 | Reward: 16370
[Gen 480 | Timestep 4] Prompt Length: 7 | Generated Tokens: 16384 | Reward: 16370
[Gen 480 | Timestep 5] Prompt Length: 7 | Generated Tokens: 16384 | Reward: 16370
[Gen 480 | Timestep 6] Prompt Length: 7 | Generated Tokens: 16384 | Reward: 16370
[Gen 480 | Timestep 7] Prompt Length: 7 | Generated Tokens: 16384 | Reward: 16370
[Gen 480 | Timestep 8] Prompt Length: 7 | Generated Tokens: 16384 | Reward: 16370
[Gen 480 | Timestep 9] Prompt Length: 7 | Generated Tokens: 16384 | Reward: 16370
[Gen 480 | Timestep 10] Prompt Length: 7 | Generated Tokens: 16384 | Reward: 16370
[Gen 480 | Timestep 11] Prompt Length: 7 | Generated Tokens: 16384 | Reward: 16370
[Gen 480 | Timestep 12] Prompt Length: 7 | Generated Tokens: 16384 | Reward: 16370
[Gen 480 | Timestep 13] Prompt Length: 7 | Generated Tokens: 16384 | Reward: 16370
[Gen 480 | Timestep 14] Prompt Length: 7 | Generated Tokens: 16384 | Reward: 16370
[Gen 480 | Timestep 15] Prompt Length: 7 | Generated Tokens: 16384 | Reward: 16370
[Gen 480 | Timestep 16] Prompt Length: 7 | Generated Tokens: 16384 | Reward: 16370
[Gen 480 | Timestep 17] Prompt Length: 7 | Generated Tokens: 16384 | Reward: 16370
[Gen 480 | Timestep 18] Prompt Length: 7 | Generated Tokens: 8082 | Reward: -33447
[Gen 480 | Timestep 19] Prompt Length: 7 | Generated Tokens: 16384 | Reward: 16370
Generation 480 SUMMARY: {"generation": 480, "population": [{"prompt_length": 7, "reward": 16370}, {"prompt_length": 7, "reward": 16370}, {"prompt_length": 7, "reward": 16370}, {"prompt_length": 7, "reward": 16370}, {"prompt_length": 7, "reward": 16370}, {"prompt_length": 7, "reward": 16370}, {"prompt_length": 7, "reward": 16370}, {"prompt_length": 7, "reward": 16370}, {"prompt_length": 7, "reward": 16370}, {"prompt_length": 7, "reward": 16370}, {"prompt_length": 7, "reward": 16370}, {"prompt_length": 7, "reward": 16370}, {"prompt_length": 7, "reward": 16370}, {"prompt_length": 7, "reward": 16370}, {"prompt_length": 7, "reward": 16370}, {"prompt_length": 7, "reward": 16370}, {"prompt_length": 7, "reward": 16370}, {"prompt_length": 7, "reward": 16370}, {"prompt_length": 7, "reward": -33447}, {"prompt_length": 7, "reward": 16370}], "best_reward": 16372, "average_reward": 13879.15}
--- End of Generation 480 ---

[Gen 481 | Timestep 0] Prompt Length: 7 | Generated Tokens: 16384 | Reward: 16370
[Gen 481 | Timestep 1] Prompt Length: 7 | Generated Tokens: 16384 | Reward: 16370
[Gen 481 | Timestep 2] Prompt Length: 7 | Generated Tokens: 16384 | Reward: 16370
[Gen 481 | Timestep 3] Prompt Length: 7 | Generated Tokens: 16384 | Reward: 16370
[Gen 481 | Timestep 4] Prompt Length: 7 | Generated Tokens: 16384 | Reward: 16370
[Gen 481 | Timestep 5] Prompt Length: 7 | Generated Tokens: 16384 | Reward: 16370
[Gen 481 | Timestep 6] Prompt Length: 7 | Generated Tokens: 16384 | Reward: 16370
[Gen 481 | Timestep 7] Prompt Length: 7 | Generated Tokens: 16384 | Reward: 16370
[Gen 481 | Timestep 8] Prompt Length: 7 | Generated Tokens: 16384 | Reward: 16370
[Gen 481 | Timestep 9] Prompt Length: 7 | Generated Tokens: 16384 | Reward: 16370
[Gen 481 | Timestep 10] Prompt Length: 7 | Generated Tokens: 16384 | Reward: 16370
[Gen 481 | Timestep 11] Prompt Length: 7 | Generated Tokens: 16384 | Reward: 16370
[Gen 481 | Timestep 12] Prompt Length: 7 | Generated Tokens: 16384 | Reward: 16370
[Gen 481 | Timestep 13] Prompt Length: 7 | Generated Tokens: 16384 | Reward: 16370
[Gen 481 | Timestep 14] Prompt Length: 7 | Generated Tokens: 16384 | Reward: 16370
[Gen 481 | Timestep 15] Prompt Length: 7 | Generated Tokens: 16384 | Reward: 16370
[Gen 481 | Timestep 16] Prompt Length: 7 | Generated Tokens: 16384 | Reward: 16370
[Gen 481 | Timestep 17] Prompt Length: 7 | Generated Tokens: 16384 | Reward: 16370
[Gen 481 | Timestep 18] Prompt Length: 7 | Generated Tokens: 16384 | Reward: 16370
[Gen 481 | Timestep 19] Prompt Length: 7 | Generated Tokens: 16384 | Reward: 16370
Generation 481 SUMMARY: {"generation": 481, "population": [{"prompt_length": 7, "reward": 16370}, {"prompt_length": 7, "reward": 16370}, {"prompt_length": 7, "reward": 16370}, {"prompt_length": 7, "reward": 16370}, {"prompt_length": 7, "reward": 16370}, {"prompt_length": 7, "reward": 16370}, {"prompt_length": 7, "reward": 16370}, {"prompt_length": 7, "reward": 16370}, {"prompt_length": 7, "reward": 16370}, {"prompt_length": 7, "reward": 16370}, {"prompt_length": 7, "reward": 16370}, {"prompt_length": 7, "reward": 16370}, {"prompt_length": 7, "reward": 16370}, {"prompt_length": 7, "reward": 16370}, {"prompt_length": 7, "reward": 16370}, {"prompt_length": 7, "reward": 16370}, {"prompt_length": 7, "reward": 16370}, {"prompt_length": 7, "reward": 16370}, {"prompt_length": 7, "reward": 16370}, {"prompt_length": 7, "reward": 16370}], "best_reward": 16372, "average_reward": 16370.0}
--- End of Generation 481 ---

[Gen 482 | Timestep 0] Prompt Length: 7 | Generated Tokens: 16384 | Reward: 16370
[Gen 482 | Timestep 1] Prompt Length: 7 | Generated Tokens: 16384 | Reward: 16370
[Gen 482 | Timestep 2] Prompt Length: 7 | Generated Tokens: 16384 | Reward: 16370
[Gen 482 | Timestep 3] Prompt Length: 7 | Generated Tokens: 16384 | Reward: 16370
[Gen 482 | Timestep 4] Prompt Length: 7 | Generated Tokens: 16384 | Reward: 16370
[Gen 482 | Timestep 5] Prompt Length: 7 | Generated Tokens: 16384 | Reward: 16370
[Gen 482 | Timestep 6] Prompt Length: 7 | Generated Tokens: 16384 | Reward: 16370
[Gen 482 | Timestep 7] Prompt Length: 7 | Generated Tokens: 16384 | Reward: 16370
[Gen 482 | Timestep 8] Prompt Length: 7 | Generated Tokens: 16384 | Reward: 16370
[Gen 482 | Timestep 9] Prompt Length: 7 | Generated Tokens: 16384 | Reward: 16370
[Gen 482 | Timestep 10] Prompt Length: 7 | Generated Tokens: 16384 | Reward: 16370
[Gen 482 | Timestep 11] Prompt Length: 7 | Generated Tokens: 16384 | Reward: 16370
[Gen 482 | Timestep 12] Prompt Length: 7 | Generated Tokens: 16384 | Reward: 16370
[Gen 482 | Timestep 13] Prompt Length: 7 | Generated Tokens: 16384 | Reward: 16370
[Gen 482 | Timestep 14] Prompt Length: 7 | Generated Tokens: 16384 | Reward: 16370
[Gen 482 | Timestep 15] Prompt Length: 7 | Generated Tokens: 16384 | Reward: 16370
[Gen 482 | Timestep 16] Prompt Length: 7 | Generated Tokens: 16384 | Reward: 16370
[Gen 482 | Timestep 17] Prompt Length: 7 | Generated Tokens: 16384 | Reward: 16370
[Gen 482 | Timestep 18] Prompt Length: 7 | Generated Tokens: 16384 | Reward: 16370
[Gen 482 | Timestep 19] Prompt Length: 7 | Generated Tokens: 16384 | Reward: 16370
Generation 482 SUMMARY: {"generation": 482, "population": [{"prompt_length": 7, "reward": 16370}, {"prompt_length": 7, "reward": 16370}, {"prompt_length": 7, "reward": 16370}, {"prompt_length": 7, "reward": 16370}, {"prompt_length": 7, "reward": 16370}, {"prompt_length": 7, "reward": 16370}, {"prompt_length": 7, "reward": 16370}, {"prompt_length": 7, "reward": 16370}, {"prompt_length": 7, "reward": 16370}, {"prompt_length": 7, "reward": 16370}, {"prompt_length": 7, "reward": 16370}, {"prompt_length": 7, "reward": 16370}, {"prompt_length": 7, "reward": 16370}, {"prompt_length": 7, "reward": 16370}, {"prompt_length": 7, "reward": 16370}, {"prompt_length": 7, "reward": 16370}, {"prompt_length": 7, "reward": 16370}, {"prompt_length": 7, "reward": 16370}, {"prompt_length": 7, "reward": 16370}, {"prompt_length": 7, "reward": 16370}], "best_reward": 16372, "average_reward": 16370.0}
--- End of Generation 482 ---

[Gen 483 | Timestep 0] Prompt Length: 7 | Generated Tokens: 16384 | Reward: 16370
[Gen 483 | Timestep 1] Prompt Length: 7 | Generated Tokens: 16384 | Reward: 16370
[Gen 483 | Timestep 2] Prompt Length: 7 | Generated Tokens: 16384 | Reward: 16370
[Gen 483 | Timestep 3] Prompt Length: 7 | Generated Tokens: 16384 | Reward: 16370
[Gen 483 | Timestep 4] Prompt Length: 7 | Generated Tokens: 16384 | Reward: 16370
[Gen 483 | Timestep 5] Prompt Length: 7 | Generated Tokens: 16384 | Reward: 16370
[Gen 483 | Timestep 6] Prompt Length: 7 | Generated Tokens: 16384 | Reward: 16370
[Gen 483 | Timestep 7] Prompt Length: 7 | Generated Tokens: 16384 | Reward: 16370
[Gen 483 | Timestep 8] Prompt Length: 7 | Generated Tokens: 16384 | Reward: 16370
[Gen 483 | Timestep 9] Prompt Length: 7 | Generated Tokens: 16384 | Reward: 16370
[Gen 483 | Timestep 10] Prompt Length: 7 | Generated Tokens: 6057 | Reward: -45597
[Gen 483 | Timestep 11] Prompt Length: 7 | Generated Tokens: 16384 | Reward: 16370
[Gen 483 | Timestep 12] Prompt Length: 7 | Generated Tokens: 16384 | Reward: 16370
[Gen 483 | Timestep 13] Prompt Length: 7 | Generated Tokens: 16384 | Reward: 16370
[Gen 483 | Timestep 14] Prompt Length: 7 | Generated Tokens: 16384 | Reward: 16370
[Gen 483 | Timestep 15] Prompt Length: 7 | Generated Tokens: 16384 | Reward: 16370
[Gen 483 | Timestep 16] Prompt Length: 7 | Generated Tokens: 16384 | Reward: 16370
[Gen 483 | Timestep 17] Prompt Length: 7 | Generated Tokens: 16384 | Reward: 16370
[Gen 483 | Timestep 18] Prompt Length: 7 | Generated Tokens: 16384 | Reward: 16370
[Gen 483 | Timestep 19] Prompt Length: 7 | Generated Tokens: 16384 | Reward: 16370
Generation 483 SUMMARY: {"generation": 483, "population": [{"prompt_length": 7, "reward": 16370}, {"prompt_length": 7, "reward": 16370}, {"prompt_length": 7, "reward": 16370}, {"prompt_length": 7, "reward": 16370}, {"prompt_length": 7, "reward": 16370}, {"prompt_length": 7, "reward": 16370}, {"prompt_length": 7, "reward": 16370}, {"prompt_length": 7, "reward": 16370}, {"prompt_length": 7, "reward": 16370}, {"prompt_length": 7, "reward": 16370}, {"prompt_length": 7, "reward": -45597}, {"prompt_length": 7, "reward": 16370}, {"prompt_length": 7, "reward": 16370}, {"prompt_length": 7, "reward": 16370}, {"prompt_length": 7, "reward": 16370}, {"prompt_length": 7, "reward": 16370}, {"prompt_length": 7, "reward": 16370}, {"prompt_length": 7, "reward": 16370}, {"prompt_length": 7, "reward": 16370}, {"prompt_length": 7, "reward": 16370}], "best_reward": 16372, "average_reward": 13271.65}
--- End of Generation 483 ---

[Gen 484 | Timestep 0] Prompt Length: 7 | Generated Tokens: 16384 | Reward: 16370
[Gen 484 | Timestep 1] Prompt Length: 7 | Generated Tokens: 16384 | Reward: 16370
[Gen 484 | Timestep 2] Prompt Length: 7 | Generated Tokens: 16384 | Reward: 16370
[Gen 484 | Timestep 3] Prompt Length: 7 | Generated Tokens: 16384 | Reward: 16370
[Gen 484 | Timestep 4] Prompt Length: 7 | Generated Tokens: 16384 | Reward: 16370
[Gen 484 | Timestep 5] Prompt Length: 7 | Generated Tokens: 16384 | Reward: 16370
[Gen 484 | Timestep 6] Prompt Length: 7 | Generated Tokens: 16384 | Reward: 16370
[Gen 484 | Timestep 7] Prompt Length: 7 | Generated Tokens: 16384 | Reward: 16370
[Gen 484 | Timestep 8] Prompt Length: 7 | Generated Tokens: 16384 | Reward: 16370
[Gen 484 | Timestep 9] Prompt Length: 7 | Generated Tokens: 16384 | Reward: 16370
[Gen 484 | Timestep 10] Prompt Length: 7 | Generated Tokens: 16384 | Reward: 16370
[Gen 484 | Timestep 11] Prompt Length: 7 | Generated Tokens: 16384 | Reward: 16370
[Gen 484 | Timestep 12] Prompt Length: 7 | Generated Tokens: 16384 | Reward: 16370
[Gen 484 | Timestep 13] Prompt Length: 7 | Generated Tokens: 16384 | Reward: 16370
[Gen 484 | Timestep 14] Prompt Length: 7 | Generated Tokens: 16384 | Reward: 16370
[Gen 484 | Timestep 15] Prompt Length: 7 | Generated Tokens: 16384 | Reward: 16370
[Gen 484 | Timestep 16] Prompt Length: 7 | Generated Tokens: 16384 | Reward: 16370
[Gen 484 | Timestep 17] Prompt Length: 7 | Generated Tokens: 16384 | Reward: 16370
[Gen 484 | Timestep 18] Prompt Length: 7 | Generated Tokens: 16384 | Reward: 16370
[Gen 484 | Timestep 19] Prompt Length: 7 | Generated Tokens: 16384 | Reward: 16370
Generation 484 SUMMARY: {"generation": 484, "population": [{"prompt_length": 7, "reward": 16370}, {"prompt_length": 7, "reward": 16370}, {"prompt_length": 7, "reward": 16370}, {"prompt_length": 7, "reward": 16370}, {"prompt_length": 7, "reward": 16370}, {"prompt_length": 7, "reward": 16370}, {"prompt_length": 7, "reward": 16370}, {"prompt_length": 7, "reward": 16370}, {"prompt_length": 7, "reward": 16370}, {"prompt_length": 7, "reward": 16370}, {"prompt_length": 7, "reward": 16370}, {"prompt_length": 7, "reward": 16370}, {"prompt_length": 7, "reward": 16370}, {"prompt_length": 7, "reward": 16370}, {"prompt_length": 7, "reward": 16370}, {"prompt_length": 7, "reward": 16370}, {"prompt_length": 7, "reward": 16370}, {"prompt_length": 7, "reward": 16370}, {"prompt_length": 7, "reward": 16370}, {"prompt_length": 7, "reward": 16370}], "best_reward": 16372, "average_reward": 16370.0}
--- End of Generation 484 ---

[Gen 485 | Timestep 0] Prompt Length: 7 | Generated Tokens: 16384 | Reward: 16370
[Gen 485 | Timestep 1] Prompt Length: 7 | Generated Tokens: 16384 | Reward: 16370
[Gen 485 | Timestep 2] Prompt Length: 7 | Generated Tokens: 16384 | Reward: 16370
[Gen 485 | Timestep 3] Prompt Length: 7 | Generated Tokens: 16384 | Reward: 16370
[Gen 485 | Timestep 4] Prompt Length: 7 | Generated Tokens: 16384 | Reward: 16370
[Gen 485 | Timestep 5] Prompt Length: 7 | Generated Tokens: 16384 | Reward: 16370
[Gen 485 | Timestep 6] Prompt Length: 7 | Generated Tokens: 16384 | Reward: 16370
[Gen 485 | Timestep 7] Prompt Length: 7 | Generated Tokens: 16384 | Reward: 16370
[Gen 485 | Timestep 8] Prompt Length: 7 | Generated Tokens: 16384 | Reward: 16370
[Gen 485 | Timestep 9] Prompt Length: 7 | Generated Tokens: 16384 | Reward: 16370
[Gen 485 | Timestep 10] Prompt Length: 7 | Generated Tokens: 16384 | Reward: 16370
[Gen 485 | Timestep 11] Prompt Length: 7 | Generated Tokens: 16384 | Reward: 16370
[Gen 485 | Timestep 12] Prompt Length: 7 | Generated Tokens: 16384 | Reward: 16370
[Gen 485 | Timestep 13] Prompt Length: 7 | Generated Tokens: 16384 | Reward: 16370
[Gen 485 | Timestep 14] Prompt Length: 7 | Generated Tokens: 16384 | Reward: 16370
[Gen 485 | Timestep 15] Prompt Length: 7 | Generated Tokens: 16384 | Reward: 16370
[Gen 485 | Timestep 16] Prompt Length: 7 | Generated Tokens: 16384 | Reward: 16370
[Gen 485 | Timestep 17] Prompt Length: 7 | Generated Tokens: 16384 | Reward: 16370
[Gen 485 | Timestep 18] Prompt Length: 7 | Generated Tokens: 16384 | Reward: 16370
[Gen 485 | Timestep 19] Prompt Length: 7 | Generated Tokens: 16384 | Reward: 16370
Generation 485 SUMMARY: {"generation": 485, "population": [{"prompt_length": 7, "reward": 16370}, {"prompt_length": 7, "reward": 16370}, {"prompt_length": 7, "reward": 16370}, {"prompt_length": 7, "reward": 16370}, {"prompt_length": 7, "reward": 16370}, {"prompt_length": 7, "reward": 16370}, {"prompt_length": 7, "reward": 16370}, {"prompt_length": 7, "reward": 16370}, {"prompt_length": 7, "reward": 16370}, {"prompt_length": 7, "reward": 16370}, {"prompt_length": 7, "reward": 16370}, {"prompt_length": 7, "reward": 16370}, {"prompt_length": 7, "reward": 16370}, {"prompt_length": 7, "reward": 16370}, {"prompt_length": 7, "reward": 16370}, {"prompt_length": 7, "reward": 16370}, {"prompt_length": 7, "reward": 16370}, {"prompt_length": 7, "reward": 16370}, {"prompt_length": 7, "reward": 16370}, {"prompt_length": 7, "reward": 16370}], "best_reward": 16372, "average_reward": 16370.0}
--- End of Generation 485 ---

[Gen 486 | Timestep 0] Prompt Length: 7 | Generated Tokens: 16384 | Reward: 16370
[Gen 486 | Timestep 1] Prompt Length: 7 | Generated Tokens: 16384 | Reward: 16370
[Gen 486 | Timestep 2] Prompt Length: 7 | Generated Tokens: 16384 | Reward: 16370
[Gen 486 | Timestep 3] Prompt Length: 7 | Generated Tokens: 16384 | Reward: 16370
[Gen 486 | Timestep 4] Prompt Length: 7 | Generated Tokens: 16384 | Reward: 16370
[Gen 486 | Timestep 5] Prompt Length: 7 | Generated Tokens: 16384 | Reward: 16370
[Gen 486 | Timestep 6] Prompt Length: 7 | Generated Tokens: 16384 | Reward: 16370
[Gen 486 | Timestep 7] Prompt Length: 7 | Generated Tokens: 16384 | Reward: 16370
[Gen 486 | Timestep 8] Prompt Length: 7 | Generated Tokens: 16384 | Reward: 16370
[Gen 486 | Timestep 9] Prompt Length: 7 | Generated Tokens: 16384 | Reward: 16370
[Gen 486 | Timestep 10] Prompt Length: 7 | Generated Tokens: 16384 | Reward: 16370
[Gen 486 | Timestep 11] Prompt Length: 7 | Generated Tokens: 6415 | Reward: -43449
[Gen 486 | Timestep 12] Prompt Length: 7 | Generated Tokens: 16384 | Reward: 16370
[Gen 486 | Timestep 13] Prompt Length: 7 | Generated Tokens: 16384 | Reward: 16370
[Gen 486 | Timestep 14] Prompt Length: 7 | Generated Tokens: 16384 | Reward: 16370
[Gen 486 | Timestep 15] Prompt Length: 7 | Generated Tokens: 16384 | Reward: 16370
[Gen 486 | Timestep 16] Prompt Length: 7 | Generated Tokens: 16384 | Reward: 16370
[Gen 486 | Timestep 17] Prompt Length: 7 | Generated Tokens: 16384 | Reward: 16370
[Gen 486 | Timestep 18] Prompt Length: 7 | Generated Tokens: 16384 | Reward: 16370
[Gen 486 | Timestep 19] Prompt Length: 7 | Generated Tokens: 16384 | Reward: 16370
Generation 486 SUMMARY: {"generation": 486, "population": [{"prompt_length": 7, "reward": 16370}, {"prompt_length": 7, "reward": 16370}, {"prompt_length": 7, "reward": 16370}, {"prompt_length": 7, "reward": 16370}, {"prompt_length": 7, "reward": 16370}, {"prompt_length": 7, "reward": 16370}, {"prompt_length": 7, "reward": 16370}, {"prompt_length": 7, "reward": 16370}, {"prompt_length": 7, "reward": 16370}, {"prompt_length": 7, "reward": 16370}, {"prompt_length": 7, "reward": 16370}, {"prompt_length": 7, "reward": -43449}, {"prompt_length": 7, "reward": 16370}, {"prompt_length": 7, "reward": 16370}, {"prompt_length": 7, "reward": 16370}, {"prompt_length": 7, "reward": 16370}, {"prompt_length": 7, "reward": 16370}, {"prompt_length": 7, "reward": 16370}, {"prompt_length": 7, "reward": 16370}, {"prompt_length": 7, "reward": 16370}], "best_reward": 16372, "average_reward": 13379.05}
--- End of Generation 486 ---

[Gen 487 | Timestep 0] Prompt Length: 7 | Generated Tokens: 16384 | Reward: 16370
[Gen 487 | Timestep 1] Prompt Length: 7 | Generated Tokens: 16384 | Reward: 16370
[Gen 487 | Timestep 2] Prompt Length: 7 | Generated Tokens: 16384 | Reward: 16370
[Gen 487 | Timestep 3] Prompt Length: 7 | Generated Tokens: 16384 | Reward: 16370
[Gen 487 | Timestep 4] Prompt Length: 7 | Generated Tokens: 16384 | Reward: 16370
[Gen 487 | Timestep 5] Prompt Length: 7 | Generated Tokens: 16384 | Reward: 16370
[Gen 487 | Timestep 6] Prompt Length: 7 | Generated Tokens: 16384 | Reward: 16370
[Gen 487 | Timestep 7] Prompt Length: 7 | Generated Tokens: 16384 | Reward: 16370
[Gen 487 | Timestep 8] Prompt Length: 7 | Generated Tokens: 16384 | Reward: 16370
[Gen 487 | Timestep 9] Prompt Length: 7 | Generated Tokens: 16384 | Reward: 16370
[Gen 487 | Timestep 10] Prompt Length: 7 | Generated Tokens: 16384 | Reward: 16370
[Gen 487 | Timestep 11] Prompt Length: 7 | Generated Tokens: 16384 | Reward: 16370
[Gen 487 | Timestep 12] Prompt Length: 7 | Generated Tokens: 16384 | Reward: 16370
[Gen 487 | Timestep 13] Prompt Length: 7 | Generated Tokens: 16384 | Reward: 16370
[Gen 487 | Timestep 14] Prompt Length: 7 | Generated Tokens: 16384 | Reward: 16370
[Gen 487 | Timestep 15] Prompt Length: 7 | Generated Tokens: 16384 | Reward: 16370
[Gen 487 | Timestep 16] Prompt Length: 7 | Generated Tokens: 16384 | Reward: 16370
[Gen 487 | Timestep 17] Prompt Length: 7 | Generated Tokens: 16384 | Reward: 16370
[Gen 487 | Timestep 18] Prompt Length: 7 | Generated Tokens: 16384 | Reward: 16370
[Gen 487 | Timestep 19] Prompt Length: 7 | Generated Tokens: 16384 | Reward: 16370
Generation 487 SUMMARY: {"generation": 487, "population": [{"prompt_length": 7, "reward": 16370}, {"prompt_length": 7, "reward": 16370}, {"prompt_length": 7, "reward": 16370}, {"prompt_length": 7, "reward": 16370}, {"prompt_length": 7, "reward": 16370}, {"prompt_length": 7, "reward": 16370}, {"prompt_length": 7, "reward": 16370}, {"prompt_length": 7, "reward": 16370}, {"prompt_length": 7, "reward": 16370}, {"prompt_length": 7, "reward": 16370}, {"prompt_length": 7, "reward": 16370}, {"prompt_length": 7, "reward": 16370}, {"prompt_length": 7, "reward": 16370}, {"prompt_length": 7, "reward": 16370}, {"prompt_length": 7, "reward": 16370}, {"prompt_length": 7, "reward": 16370}, {"prompt_length": 7, "reward": 16370}, {"prompt_length": 7, "reward": 16370}, {"prompt_length": 7, "reward": 16370}, {"prompt_length": 7, "reward": 16370}], "best_reward": 16372, "average_reward": 16370.0}
--- End of Generation 487 ---

[Gen 488 | Timestep 0] Prompt Length: 7 | Generated Tokens: 16384 | Reward: 16370
[Gen 488 | Timestep 1] Prompt Length: 7 | Generated Tokens: 16384 | Reward: 16370
[Gen 488 | Timestep 2] Prompt Length: 7 | Generated Tokens: 16384 | Reward: 16370
[Gen 488 | Timestep 3] Prompt Length: 7 | Generated Tokens: 16384 | Reward: 16370
[Gen 488 | Timestep 4] Prompt Length: 7 | Generated Tokens: 16384 | Reward: 16370
[Gen 488 | Timestep 5] Prompt Length: 7 | Generated Tokens: 16384 | Reward: 16370
[Gen 488 | Timestep 6] Prompt Length: 7 | Generated Tokens: 16384 | Reward: 16370
[Gen 488 | Timestep 7] Prompt Length: 7 | Generated Tokens: 16384 | Reward: 16370
[Gen 488 | Timestep 8] Prompt Length: 7 | Generated Tokens: 16384 | Reward: 16370
[Gen 488 | Timestep 9] Prompt Length: 7 | Generated Tokens: 16384 | Reward: 16370
[Gen 488 | Timestep 10] Prompt Length: 7 | Generated Tokens: 16384 | Reward: 16370
[Gen 488 | Timestep 11] Prompt Length: 7 | Generated Tokens: 16384 | Reward: 16370
[Gen 488 | Timestep 12] Prompt Length: 7 | Generated Tokens: 16384 | Reward: 16370
[Gen 488 | Timestep 13] Prompt Length: 7 | Generated Tokens: 16384 | Reward: 16370
[Gen 488 | Timestep 14] Prompt Length: 7 | Generated Tokens: 16384 | Reward: 16370
[Gen 488 | Timestep 15] Prompt Length: 7 | Generated Tokens: 16384 | Reward: 16370
[Gen 488 | Timestep 16] Prompt Length: 7 | Generated Tokens: 16384 | Reward: 16370
[Gen 488 | Timestep 17] Prompt Length: 7 | Generated Tokens: 16384 | Reward: 16370
[Gen 488 | Timestep 18] Prompt Length: 7 | Generated Tokens: 16384 | Reward: 16370
[Gen 488 | Timestep 19] Prompt Length: 7 | Generated Tokens: 16384 | Reward: 16370
Generation 488 SUMMARY: {"generation": 488, "population": [{"prompt_length": 7, "reward": 16370}, {"prompt_length": 7, "reward": 16370}, {"prompt_length": 7, "reward": 16370}, {"prompt_length": 7, "reward": 16370}, {"prompt_length": 7, "reward": 16370}, {"prompt_length": 7, "reward": 16370}, {"prompt_length": 7, "reward": 16370}, {"prompt_length": 7, "reward": 16370}, {"prompt_length": 7, "reward": 16370}, {"prompt_length": 7, "reward": 16370}, {"prompt_length": 7, "reward": 16370}, {"prompt_length": 7, "reward": 16370}, {"prompt_length": 7, "reward": 16370}, {"prompt_length": 7, "reward": 16370}, {"prompt_length": 7, "reward": 16370}, {"prompt_length": 7, "reward": 16370}, {"prompt_length": 7, "reward": 16370}, {"prompt_length": 7, "reward": 16370}, {"prompt_length": 7, "reward": 16370}, {"prompt_length": 7, "reward": 16370}], "best_reward": 16372, "average_reward": 16370.0}
--- End of Generation 488 ---

[Gen 489 | Timestep 0] Prompt Length: 7 | Generated Tokens: 16384 | Reward: 16370
[Gen 489 | Timestep 1] Prompt Length: 7 | Generated Tokens: 16384 | Reward: 16370
[Gen 489 | Timestep 2] Prompt Length: 7 | Generated Tokens: 16384 | Reward: 16370
[Gen 489 | Timestep 3] Prompt Length: 7 | Generated Tokens: 16384 | Reward: 16370
[Gen 489 | Timestep 4] Prompt Length: 7 | Generated Tokens: 16384 | Reward: 16370
[Gen 489 | Timestep 5] Prompt Length: 7 | Generated Tokens: 16384 | Reward: 16370
[Gen 489 | Timestep 6] Prompt Length: 7 | Generated Tokens: 16384 | Reward: 16370
[Gen 489 | Timestep 7] Prompt Length: 7 | Generated Tokens: 16384 | Reward: 16370
[Gen 489 | Timestep 8] Prompt Length: 7 | Generated Tokens: 16384 | Reward: 16370
[Gen 489 | Timestep 9] Prompt Length: 7 | Generated Tokens: 16384 | Reward: 16370
[Gen 489 | Timestep 10] Prompt Length: 7 | Generated Tokens: 16384 | Reward: 16370
[Gen 489 | Timestep 11] Prompt Length: 7 | Generated Tokens: 16384 | Reward: 16370
[Gen 489 | Timestep 12] Prompt Length: 7 | Generated Tokens: 16384 | Reward: 16370
[Gen 489 | Timestep 13] Prompt Length: 7 | Generated Tokens: 16384 | Reward: 16370
[Gen 489 | Timestep 14] Prompt Length: 7 | Generated Tokens: 16384 | Reward: 16370
[Gen 489 | Timestep 15] Prompt Length: 7 | Generated Tokens: 16384 | Reward: 16370
[Gen 489 | Timestep 16] Prompt Length: 7 | Generated Tokens: 4946 | Reward: -52263
[Gen 489 | Timestep 17] Prompt Length: 7 | Generated Tokens: 16384 | Reward: 16370
[Gen 489 | Timestep 18] Prompt Length: 7 | Generated Tokens: 16384 | Reward: 16370
[Gen 489 | Timestep 19] Prompt Length: 7 | Generated Tokens: 16384 | Reward: 16370
Generation 489 SUMMARY: {"generation": 489, "population": [{"prompt_length": 7, "reward": 16370}, {"prompt_length": 7, "reward": 16370}, {"prompt_length": 7, "reward": 16370}, {"prompt_length": 7, "reward": 16370}, {"prompt_length": 7, "reward": 16370}, {"prompt_length": 7, "reward": 16370}, {"prompt_length": 7, "reward": 16370}, {"prompt_length": 7, "reward": 16370}, {"prompt_length": 7, "reward": 16370}, {"prompt_length": 7, "reward": 16370}, {"prompt_length": 7, "reward": 16370}, {"prompt_length": 7, "reward": 16370}, {"prompt_length": 7, "reward": 16370}, {"prompt_length": 7, "reward": 16370}, {"prompt_length": 7, "reward": 16370}, {"prompt_length": 7, "reward": 16370}, {"prompt_length": 7, "reward": -52263}, {"prompt_length": 7, "reward": 16370}, {"prompt_length": 7, "reward": 16370}, {"prompt_length": 7, "reward": 16370}], "best_reward": 16372, "average_reward": 12938.35}
--- End of Generation 489 ---

[Gen 490 | Timestep 0] Prompt Length: 7 | Generated Tokens: 16384 | Reward: 16370
[Gen 490 | Timestep 1] Prompt Length: 7 | Generated Tokens: 16384 | Reward: 16370
[Gen 490 | Timestep 2] Prompt Length: 7 | Generated Tokens: 16384 | Reward: 16370
[Gen 490 | Timestep 3] Prompt Length: 7 | Generated Tokens: 16384 | Reward: 16370
[Gen 490 | Timestep 4] Prompt Length: 7 | Generated Tokens: 16384 | Reward: 16370
[Gen 490 | Timestep 5] Prompt Length: 7 | Generated Tokens: 16384 | Reward: 16370
[Gen 490 | Timestep 6] Prompt Length: 7 | Generated Tokens: 16384 | Reward: 16370
[Gen 490 | Timestep 7] Prompt Length: 7 | Generated Tokens: 16384 | Reward: 16370
[Gen 490 | Timestep 8] Prompt Length: 7 | Generated Tokens: 16384 | Reward: 16370
[Gen 490 | Timestep 9] Prompt Length: 7 | Generated Tokens: 16384 | Reward: 16370
[Gen 490 | Timestep 10] Prompt Length: 7 | Generated Tokens: 16384 | Reward: 16370
[Gen 490 | Timestep 11] Prompt Length: 7 | Generated Tokens: 16384 | Reward: 16370
[Gen 490 | Timestep 12] Prompt Length: 7 | Generated Tokens: 16384 | Reward: 16370
[Gen 490 | Timestep 13] Prompt Length: 7 | Generated Tokens: 16384 | Reward: 16370
[Gen 490 | Timestep 14] Prompt Length: 7 | Generated Tokens: 16384 | Reward: 16370
[Gen 490 | Timestep 15] Prompt Length: 7 | Generated Tokens: 16384 | Reward: 16370
[Gen 490 | Timestep 16] Prompt Length: 7 | Generated Tokens: 16384 | Reward: 16370
[Gen 490 | Timestep 17] Prompt Length: 7 | Generated Tokens: 16384 | Reward: 16370
[Gen 490 | Timestep 18] Prompt Length: 7 | Generated Tokens: 16384 | Reward: 16370
[Gen 490 | Timestep 19] Prompt Length: 7 | Generated Tokens: 16384 | Reward: 16370
Generation 490 SUMMARY: {"generation": 490, "population": [{"prompt_length": 7, "reward": 16370}, {"prompt_length": 7, "reward": 16370}, {"prompt_length": 7, "reward": 16370}, {"prompt_length": 7, "reward": 16370}, {"prompt_length": 7, "reward": 16370}, {"prompt_length": 7, "reward": 16370}, {"prompt_length": 7, "reward": 16370}, {"prompt_length": 7, "reward": 16370}, {"prompt_length": 7, "reward": 16370}, {"prompt_length": 7, "reward": 16370}, {"prompt_length": 7, "reward": 16370}, {"prompt_length": 7, "reward": 16370}, {"prompt_length": 7, "reward": 16370}, {"prompt_length": 7, "reward": 16370}, {"prompt_length": 7, "reward": 16370}, {"prompt_length": 7, "reward": 16370}, {"prompt_length": 7, "reward": 16370}, {"prompt_length": 7, "reward": 16370}, {"prompt_length": 7, "reward": 16370}, {"prompt_length": 7, "reward": 16370}], "best_reward": 16372, "average_reward": 16370.0}
--- End of Generation 490 ---

[Gen 491 | Timestep 0] Prompt Length: 7 | Generated Tokens: 16384 | Reward: 16370
[Gen 491 | Timestep 1] Prompt Length: 7 | Generated Tokens: 16384 | Reward: 16370
[Gen 491 | Timestep 2] Prompt Length: 7 | Generated Tokens: 16384 | Reward: 16370
[Gen 491 | Timestep 3] Prompt Length: 7 | Generated Tokens: 16384 | Reward: 16370
[Gen 491 | Timestep 4] Prompt Length: 7 | Generated Tokens: 16384 | Reward: 16370
[Gen 491 | Timestep 5] Prompt Length: 7 | Generated Tokens: 16384 | Reward: 16370
[Gen 491 | Timestep 6] Prompt Length: 7 | Generated Tokens: 16384 | Reward: 16370
[Gen 491 | Timestep 7] Prompt Length: 7 | Generated Tokens: 16384 | Reward: 16370
[Gen 491 | Timestep 8] Prompt Length: 7 | Generated Tokens: 16384 | Reward: 16370
[Gen 491 | Timestep 9] Prompt Length: 7 | Generated Tokens: 16384 | Reward: 16370
[Gen 491 | Timestep 10] Prompt Length: 7 | Generated Tokens: 16384 | Reward: 16370
[Gen 491 | Timestep 11] Prompt Length: 7 | Generated Tokens: 4727 | Reward: -53577
[Gen 491 | Timestep 12] Prompt Length: 7 | Generated Tokens: 16384 | Reward: 16370
[Gen 491 | Timestep 13] Prompt Length: 7 | Generated Tokens: 16384 | Reward: 16370
[Gen 491 | Timestep 14] Prompt Length: 7 | Generated Tokens: 16384 | Reward: 16370
[Gen 491 | Timestep 15] Prompt Length: 7 | Generated Tokens: 16384 | Reward: 16370
[Gen 491 | Timestep 16] Prompt Length: 7 | Generated Tokens: 16384 | Reward: 16370
[Gen 491 | Timestep 17] Prompt Length: 7 | Generated Tokens: 16384 | Reward: 16370
[Gen 491 | Timestep 18] Prompt Length: 7 | Generated Tokens: 16384 | Reward: 16370
[Gen 491 | Timestep 19] Prompt Length: 7 | Generated Tokens: 16384 | Reward: 16370
Generation 491 SUMMARY: {"generation": 491, "population": [{"prompt_length": 7, "reward": 16370}, {"prompt_length": 7, "reward": 16370}, {"prompt_length": 7, "reward": 16370}, {"prompt_length": 7, "reward": 16370}, {"prompt_length": 7, "reward": 16370}, {"prompt_length": 7, "reward": 16370}, {"prompt_length": 7, "reward": 16370}, {"prompt_length": 7, "reward": 16370}, {"prompt_length": 7, "reward": 16370}, {"prompt_length": 7, "reward": 16370}, {"prompt_length": 7, "reward": 16370}, {"prompt_length": 7, "reward": -53577}, {"prompt_length": 7, "reward": 16370}, {"prompt_length": 7, "reward": 16370}, {"prompt_length": 7, "reward": 16370}, {"prompt_length": 7, "reward": 16370}, {"prompt_length": 7, "reward": 16370}, {"prompt_length": 7, "reward": 16370}, {"prompt_length": 7, "reward": 16370}, {"prompt_length": 7, "reward": 16370}], "best_reward": 16372, "average_reward": 12872.65}
--- End of Generation 491 ---

[Gen 492 | Timestep 0] Prompt Length: 7 | Generated Tokens: 16384 | Reward: 16370
[Gen 492 | Timestep 1] Prompt Length: 7 | Generated Tokens: 16384 | Reward: 16370
[Gen 492 | Timestep 2] Prompt Length: 7 | Generated Tokens: 16384 | Reward: 16370
[Gen 492 | Timestep 3] Prompt Length: 7 | Generated Tokens: 16384 | Reward: 16370
[Gen 492 | Timestep 4] Prompt Length: 7 | Generated Tokens: 16384 | Reward: 16370
[Gen 492 | Timestep 5] Prompt Length: 7 | Generated Tokens: 16384 | Reward: 16370
[Gen 492 | Timestep 6] Prompt Length: 7 | Generated Tokens: 16384 | Reward: 16370
[Gen 492 | Timestep 7] Prompt Length: 7 | Generated Tokens: 16384 | Reward: 16370
[Gen 492 | Timestep 8] Prompt Length: 7 | Generated Tokens: 16384 | Reward: 16370
[Gen 492 | Timestep 9] Prompt Length: 7 | Generated Tokens: 16384 | Reward: 16370
[Gen 492 | Timestep 10] Prompt Length: 7 | Generated Tokens: 16384 | Reward: 16370
[Gen 492 | Timestep 11] Prompt Length: 7 | Generated Tokens: 16384 | Reward: 16370
[Gen 492 | Timestep 12] Prompt Length: 7 | Generated Tokens: 16384 | Reward: 16370
[Gen 492 | Timestep 13] Prompt Length: 7 | Generated Tokens: 16384 | Reward: 16370
[Gen 492 | Timestep 14] Prompt Length: 7 | Generated Tokens: 16384 | Reward: 16370
[Gen 492 | Timestep 15] Prompt Length: 7 | Generated Tokens: 16384 | Reward: 16370
[Gen 492 | Timestep 16] Prompt Length: 7 | Generated Tokens: 16384 | Reward: 16370
[Gen 492 | Timestep 17] Prompt Length: 7 | Generated Tokens: 16384 | Reward: 16370
[Gen 492 | Timestep 18] Prompt Length: 7 | Generated Tokens: 0 | Reward: -1000000.0
[Gen 492 | Timestep 19] Prompt Length: 7 | Generated Tokens: 16384 | Reward: 16370
Generation 492 SUMMARY: {"generation": 492, "population": [{"prompt_length": 7, "reward": 16370}, {"prompt_length": 7, "reward": 16370}, {"prompt_length": 7, "reward": 16370}, {"prompt_length": 7, "reward": 16370}, {"prompt_length": 7, "reward": 16370}, {"prompt_length": 7, "reward": 16370}, {"prompt_length": 7, "reward": 16370}, {"prompt_length": 7, "reward": 16370}, {"prompt_length": 7, "reward": 16370}, {"prompt_length": 7, "reward": 16370}, {"prompt_length": 7, "reward": 16370}, {"prompt_length": 7, "reward": 16370}, {"prompt_length": 7, "reward": 16370}, {"prompt_length": 7, "reward": 16370}, {"prompt_length": 7, "reward": 16370}, {"prompt_length": 7, "reward": 16370}, {"prompt_length": 7, "reward": 16370}, {"prompt_length": 7, "reward": 16370}, {"prompt_length": 7, "reward": -1000000.0}, {"prompt_length": 7, "reward": 16370}], "best_reward": 16372, "average_reward": -34448.5}
--- End of Generation 492 ---

[Gen 493 | Timestep 0] Prompt Length: 7 | Generated Tokens: 16384 | Reward: 16370
[Gen 493 | Timestep 1] Prompt Length: 7 | Generated Tokens: 16384 | Reward: 16370
[Gen 493 | Timestep 2] Prompt Length: 7 | Generated Tokens: 16384 | Reward: 16370
[Gen 493 | Timestep 3] Prompt Length: 7 | Generated Tokens: 16384 | Reward: 16370
[Gen 493 | Timestep 4] Prompt Length: 7 | Generated Tokens: 16384 | Reward: 16370
[Gen 493 | Timestep 5] Prompt Length: 7 | Generated Tokens: 16384 | Reward: 16370
[Gen 493 | Timestep 6] Prompt Length: 7 | Generated Tokens: 16384 | Reward: 16370
[Gen 493 | Timestep 7] Prompt Length: 7 | Generated Tokens: 16384 | Reward: 16370
[Gen 493 | Timestep 8] Prompt Length: 7 | Generated Tokens: 16384 | Reward: 16370
[Gen 493 | Timestep 9] Prompt Length: 7 | Generated Tokens: 16384 | Reward: 16370
[Gen 493 | Timestep 10] Prompt Length: 7 | Generated Tokens: 16384 | Reward: 16370
[Gen 493 | Timestep 11] Prompt Length: 7 | Generated Tokens: 16384 | Reward: 16370
[Gen 493 | Timestep 12] Prompt Length: 7 | Generated Tokens: 16384 | Reward: 16370
[Gen 493 | Timestep 13] Prompt Length: 7 | Generated Tokens: 16384 | Reward: 16370
[Gen 493 | Timestep 14] Prompt Length: 7 | Generated Tokens: 16384 | Reward: 16370
[Gen 493 | Timestep 15] Prompt Length: 7 | Generated Tokens: 16384 | Reward: 16370
[Gen 493 | Timestep 16] Prompt Length: 7 | Generated Tokens: 16384 | Reward: 16370
[Gen 493 | Timestep 17] Prompt Length: 7 | Generated Tokens: 16384 | Reward: 16370
[Gen 493 | Timestep 18] Prompt Length: 7 | Generated Tokens: 16384 | Reward: 16370
[Gen 493 | Timestep 19] Prompt Length: 7 | Generated Tokens: 16384 | Reward: 16370
Generation 493 SUMMARY: {"generation": 493, "population": [{"prompt_length": 7, "reward": 16370}, {"prompt_length": 7, "reward": 16370}, {"prompt_length": 7, "reward": 16370}, {"prompt_length": 7, "reward": 16370}, {"prompt_length": 7, "reward": 16370}, {"prompt_length": 7, "reward": 16370}, {"prompt_length": 7, "reward": 16370}, {"prompt_length": 7, "reward": 16370}, {"prompt_length": 7, "reward": 16370}, {"prompt_length": 7, "reward": 16370}, {"prompt_length": 7, "reward": 16370}, {"prompt_length": 7, "reward": 16370}, {"prompt_length": 7, "reward": 16370}, {"prompt_length": 7, "reward": 16370}, {"prompt_length": 7, "reward": 16370}, {"prompt_length": 7, "reward": 16370}, {"prompt_length": 7, "reward": 16370}, {"prompt_length": 7, "reward": 16370}, {"prompt_length": 7, "reward": 16370}, {"prompt_length": 7, "reward": 16370}], "best_reward": 16372, "average_reward": 16370.0}
--- End of Generation 493 ---

[Gen 494 | Timestep 0] Prompt Length: 7 | Generated Tokens: 16384 | Reward: 16370
[Gen 494 | Timestep 1] Prompt Length: 7 | Generated Tokens: 16384 | Reward: 16370
[Gen 494 | Timestep 2] Prompt Length: 7 | Generated Tokens: 16384 | Reward: 16370
[Gen 494 | Timestep 3] Prompt Length: 7 | Generated Tokens: 16384 | Reward: 16370
[Gen 494 | Timestep 4] Prompt Length: 7 | Generated Tokens: 16384 | Reward: 16370
[Gen 494 | Timestep 5] Prompt Length: 7 | Generated Tokens: 16384 | Reward: 16370
[Gen 494 | Timestep 6] Prompt Length: 7 | Generated Tokens: 16384 | Reward: 16370
[Gen 494 | Timestep 7] Prompt Length: 7 | Generated Tokens: 16384 | Reward: 16370
[Gen 494 | Timestep 8] Prompt Length: 7 | Generated Tokens: 16384 | Reward: 16370
[Gen 494 | Timestep 9] Prompt Length: 7 | Generated Tokens: 16384 | Reward: 16370
[Gen 494 | Timestep 10] Prompt Length: 7 | Generated Tokens: 16384 | Reward: 16370
[Gen 494 | Timestep 11] Prompt Length: 7 | Generated Tokens: 16384 | Reward: 16370
[Gen 494 | Timestep 12] Prompt Length: 7 | Generated Tokens: 16384 | Reward: 16370
[Gen 494 | Timestep 13] Prompt Length: 7 | Generated Tokens: 16384 | Reward: 16370
[Gen 494 | Timestep 14] Prompt Length: 7 | Generated Tokens: 16384 | Reward: 16370
[Gen 494 | Timestep 15] Prompt Length: 7 | Generated Tokens: 16384 | Reward: 16370
[Gen 494 | Timestep 16] Prompt Length: 7 | Generated Tokens: 16384 | Reward: 16370
[Gen 494 | Timestep 17] Prompt Length: 7 | Generated Tokens: 16384 | Reward: 16370
[Gen 494 | Timestep 18] Prompt Length: 7 | Generated Tokens: 16384 | Reward: 16370
[Gen 494 | Timestep 19] Prompt Length: 7 | Generated Tokens: 16384 | Reward: 16370
Generation 494 SUMMARY: {"generation": 494, "population": [{"prompt_length": 7, "reward": 16370}, {"prompt_length": 7, "reward": 16370}, {"prompt_length": 7, "reward": 16370}, {"prompt_length": 7, "reward": 16370}, {"prompt_length": 7, "reward": 16370}, {"prompt_length": 7, "reward": 16370}, {"prompt_length": 7, "reward": 16370}, {"prompt_length": 7, "reward": 16370}, {"prompt_length": 7, "reward": 16370}, {"prompt_length": 7, "reward": 16370}, {"prompt_length": 7, "reward": 16370}, {"prompt_length": 7, "reward": 16370}, {"prompt_length": 7, "reward": 16370}, {"prompt_length": 7, "reward": 16370}, {"prompt_length": 7, "reward": 16370}, {"prompt_length": 7, "reward": 16370}, {"prompt_length": 7, "reward": 16370}, {"prompt_length": 7, "reward": 16370}, {"prompt_length": 7, "reward": 16370}, {"prompt_length": 7, "reward": 16370}], "best_reward": 16372, "average_reward": 16370.0}
--- End of Generation 494 ---

[Gen 495 | Timestep 0] Prompt Length: 7 | Generated Tokens: 16384 | Reward: 16370
[Gen 495 | Timestep 1] Prompt Length: 7 | Generated Tokens: 16384 | Reward: 16370
[Gen 495 | Timestep 2] Prompt Length: 7 | Generated Tokens: 16384 | Reward: 16370
[Gen 495 | Timestep 3] Prompt Length: 7 | Generated Tokens: 16384 | Reward: 16370
[Gen 495 | Timestep 4] Prompt Length: 7 | Generated Tokens: 16384 | Reward: 16370
[Gen 495 | Timestep 5] Prompt Length: 7 | Generated Tokens: 16384 | Reward: 16370
[Gen 495 | Timestep 6] Prompt Length: 7 | Generated Tokens: 16384 | Reward: 16370
[Gen 495 | Timestep 7] Prompt Length: 7 | Generated Tokens: 16384 | Reward: 16370
[Gen 495 | Timestep 8] Prompt Length: 7 | Generated Tokens: 16384 | Reward: 16370
[Gen 495 | Timestep 9] Prompt Length: 7 | Generated Tokens: 16384 | Reward: 16370
[Gen 495 | Timestep 10] Prompt Length: 7 | Generated Tokens: 16384 | Reward: 16370
[Gen 495 | Timestep 11] Prompt Length: 7 | Generated Tokens: 16384 | Reward: 16370
[Gen 495 | Timestep 12] Prompt Length: 7 | Generated Tokens: 16384 | Reward: 16370
[Gen 495 | Timestep 13] Prompt Length: 7 | Generated Tokens: 16384 | Reward: 16370
[Gen 495 | Timestep 14] Prompt Length: 7 | Generated Tokens: 16384 | Reward: 16370
[Gen 495 | Timestep 15] Prompt Length: 7 | Generated Tokens: 16384 | Reward: 16370
[Gen 495 | Timestep 16] Prompt Length: 7 | Generated Tokens: 16384 | Reward: 16370
[Gen 495 | Timestep 17] Prompt Length: 7 | Generated Tokens: 16384 | Reward: 16370
[Gen 495 | Timestep 18] Prompt Length: 7 | Generated Tokens: 16384 | Reward: 16370
[Gen 495 | Timestep 19] Prompt Length: 7 | Generated Tokens: 16384 | Reward: 16370
Generation 495 SUMMARY: {"generation": 495, "population": [{"prompt_length": 7, "reward": 16370}, {"prompt_length": 7, "reward": 16370}, {"prompt_length": 7, "reward": 16370}, {"prompt_length": 7, "reward": 16370}, {"prompt_length": 7, "reward": 16370}, {"prompt_length": 7, "reward": 16370}, {"prompt_length": 7, "reward": 16370}, {"prompt_length": 7, "reward": 16370}, {"prompt_length": 7, "reward": 16370}, {"prompt_length": 7, "reward": 16370}, {"prompt_length": 7, "reward": 16370}, {"prompt_length": 7, "reward": 16370}, {"prompt_length": 7, "reward": 16370}, {"prompt_length": 7, "reward": 16370}, {"prompt_length": 7, "reward": 16370}, {"prompt_length": 7, "reward": 16370}, {"prompt_length": 7, "reward": 16370}, {"prompt_length": 7, "reward": 16370}, {"prompt_length": 7, "reward": 16370}, {"prompt_length": 7, "reward": 16370}], "best_reward": 16372, "average_reward": 16370.0}
--- End of Generation 495 ---

[Gen 496 | Timestep 0] Prompt Length: 7 | Generated Tokens: 16384 | Reward: 16370
[Gen 496 | Timestep 1] Prompt Length: 7 | Generated Tokens: 16384 | Reward: 16370
[Gen 496 | Timestep 2] Prompt Length: 7 | Generated Tokens: 16384 | Reward: 16370
[Gen 496 | Timestep 3] Prompt Length: 7 | Generated Tokens: 16384 | Reward: 16370
[Gen 496 | Timestep 4] Prompt Length: 7 | Generated Tokens: 16384 | Reward: 16370
[Gen 496 | Timestep 5] Prompt Length: 7 | Generated Tokens: 16384 | Reward: 16370
[Gen 496 | Timestep 6] Prompt Length: 7 | Generated Tokens: 16384 | Reward: 16370
[Gen 496 | Timestep 7] Prompt Length: 7 | Generated Tokens: 16384 | Reward: 16370
[Gen 496 | Timestep 8] Prompt Length: 7 | Generated Tokens: 16384 | Reward: 16370
[Gen 496 | Timestep 9] Prompt Length: 7 | Generated Tokens: 16384 | Reward: 16370
[Gen 496 | Timestep 10] Prompt Length: 7 | Generated Tokens: 16384 | Reward: 16370
[Gen 496 | Timestep 11] Prompt Length: 7 | Generated Tokens: 16384 | Reward: 16370
[Gen 496 | Timestep 12] Prompt Length: 7 | Generated Tokens: 16384 | Reward: 16370
[Gen 496 | Timestep 13] Prompt Length: 7 | Generated Tokens: 16384 | Reward: 16370
[Gen 496 | Timestep 14] Prompt Length: 7 | Generated Tokens: 16384 | Reward: 16370
[Gen 496 | Timestep 15] Prompt Length: 7 | Generated Tokens: 16384 | Reward: 16370
[Gen 496 | Timestep 16] Prompt Length: 7 | Generated Tokens: 16384 | Reward: 16370
[Gen 496 | Timestep 17] Prompt Length: 7 | Generated Tokens: 16384 | Reward: 16370
[Gen 496 | Timestep 18] Prompt Length: 7 | Generated Tokens: 16384 | Reward: 16370
[Gen 496 | Timestep 19] Prompt Length: 7 | Generated Tokens: 16384 | Reward: 16370
Generation 496 SUMMARY: {"generation": 496, "population": [{"prompt_length": 7, "reward": 16370}, {"prompt_length": 7, "reward": 16370}, {"prompt_length": 7, "reward": 16370}, {"prompt_length": 7, "reward": 16370}, {"prompt_length": 7, "reward": 16370}, {"prompt_length": 7, "reward": 16370}, {"prompt_length": 7, "reward": 16370}, {"prompt_length": 7, "reward": 16370}, {"prompt_length": 7, "reward": 16370}, {"prompt_length": 7, "reward": 16370}, {"prompt_length": 7, "reward": 16370}, {"prompt_length": 7, "reward": 16370}, {"prompt_length": 7, "reward": 16370}, {"prompt_length": 7, "reward": 16370}, {"prompt_length": 7, "reward": 16370}, {"prompt_length": 7, "reward": 16370}, {"prompt_length": 7, "reward": 16370}, {"prompt_length": 7, "reward": 16370}, {"prompt_length": 7, "reward": 16370}, {"prompt_length": 7, "reward": 16370}], "best_reward": 16372, "average_reward": 16370.0}
--- End of Generation 496 ---

[Gen 497 | Timestep 0] Prompt Length: 7 | Generated Tokens: 16384 | Reward: 16370
[Gen 497 | Timestep 1] Prompt Length: 7 | Generated Tokens: 16384 | Reward: 16370
[Gen 497 | Timestep 2] Prompt Length: 7 | Generated Tokens: 16384 | Reward: 16370
[Gen 497 | Timestep 3] Prompt Length: 7 | Generated Tokens: 16384 | Reward: 16370
[Gen 497 | Timestep 4] Prompt Length: 7 | Generated Tokens: 16384 | Reward: 16370
[Gen 497 | Timestep 5] Prompt Length: 7 | Generated Tokens: 16384 | Reward: 16370
[Gen 497 | Timestep 6] Prompt Length: 7 | Generated Tokens: 16384 | Reward: 16370
[Gen 497 | Timestep 7] Prompt Length: 7 | Generated Tokens: 16384 | Reward: 16370
[Gen 497 | Timestep 8] Prompt Length: 7 | Generated Tokens: 16384 | Reward: 16370
[Gen 497 | Timestep 9] Prompt Length: 7 | Generated Tokens: 16384 | Reward: 16370
[Gen 497 | Timestep 10] Prompt Length: 7 | Generated Tokens: 16384 | Reward: 16370
[Gen 497 | Timestep 11] Prompt Length: 7 | Generated Tokens: 16384 | Reward: 16370
[Gen 497 | Timestep 12] Prompt Length: 7 | Generated Tokens: 16384 | Reward: 16370
[Gen 497 | Timestep 13] Prompt Length: 7 | Generated Tokens: 16384 | Reward: 16370
[Gen 497 | Timestep 14] Prompt Length: 7 | Generated Tokens: 16384 | Reward: 16370
[Gen 497 | Timestep 15] Prompt Length: 7 | Generated Tokens: 16384 | Reward: 16370
[Gen 497 | Timestep 16] Prompt Length: 7 | Generated Tokens: 16384 | Reward: 16370
[Gen 497 | Timestep 17] Prompt Length: 7 | Generated Tokens: 16384 | Reward: 16370
[Gen 497 | Timestep 18] Prompt Length: 7 | Generated Tokens: 16384 | Reward: 16370
[Gen 497 | Timestep 19] Prompt Length: 7 | Generated Tokens: 16384 | Reward: 16370
Generation 497 SUMMARY: {"generation": 497, "population": [{"prompt_length": 7, "reward": 16370}, {"prompt_length": 7, "reward": 16370}, {"prompt_length": 7, "reward": 16370}, {"prompt_length": 7, "reward": 16370}, {"prompt_length": 7, "reward": 16370}, {"prompt_length": 7, "reward": 16370}, {"prompt_length": 7, "reward": 16370}, {"prompt_length": 7, "reward": 16370}, {"prompt_length": 7, "reward": 16370}, {"prompt_length": 7, "reward": 16370}, {"prompt_length": 7, "reward": 16370}, {"prompt_length": 7, "reward": 16370}, {"prompt_length": 7, "reward": 16370}, {"prompt_length": 7, "reward": 16370}, {"prompt_length": 7, "reward": 16370}, {"prompt_length": 7, "reward": 16370}, {"prompt_length": 7, "reward": 16370}, {"prompt_length": 7, "reward": 16370}, {"prompt_length": 7, "reward": 16370}, {"prompt_length": 7, "reward": 16370}], "best_reward": 16372, "average_reward": 16370.0}
--- End of Generation 497 ---

[Gen 498 | Timestep 0] Prompt Length: 7 | Generated Tokens: 16384 | Reward: 16370
[Gen 498 | Timestep 1] Prompt Length: 7 | Generated Tokens: 16384 | Reward: 16370
[Gen 498 | Timestep 2] Prompt Length: 7 | Generated Tokens: 16384 | Reward: 16370
[Gen 498 | Timestep 3] Prompt Length: 7 | Generated Tokens: 16384 | Reward: 16370
[Gen 498 | Timestep 4] Prompt Length: 7 | Generated Tokens: 16384 | Reward: 16370
[Gen 498 | Timestep 5] Prompt Length: 7 | Generated Tokens: 16384 | Reward: 16370
[Gen 498 | Timestep 6] Prompt Length: 7 | Generated Tokens: 16384 | Reward: 16370
[Gen 498 | Timestep 7] Prompt Length: 7 | Generated Tokens: 16384 | Reward: 16370
[Gen 498 | Timestep 8] Prompt Length: 7 | Generated Tokens: 16384 | Reward: 16370
[Gen 498 | Timestep 9] Prompt Length: 7 | Generated Tokens: 16384 | Reward: 16370
[Gen 498 | Timestep 10] Prompt Length: 7 | Generated Tokens: 16384 | Reward: 16370
[Gen 498 | Timestep 11] Prompt Length: 7 | Generated Tokens: 16384 | Reward: 16370
[Gen 498 | Timestep 12] Prompt Length: 7 | Generated Tokens: 16384 | Reward: 16370
[Gen 498 | Timestep 13] Prompt Length: 7 | Generated Tokens: 16384 | Reward: 16370
[Gen 498 | Timestep 14] Prompt Length: 7 | Generated Tokens: 16384 | Reward: 16370
[Gen 498 | Timestep 15] Prompt Length: 7 | Generated Tokens: 16384 | Reward: 16370
[Gen 498 | Timestep 16] Prompt Length: 7 | Generated Tokens: 16384 | Reward: 16370
[Gen 498 | Timestep 17] Prompt Length: 7 | Generated Tokens: 16384 | Reward: 16370
[Gen 498 | Timestep 18] Prompt Length: 7 | Generated Tokens: 16384 | Reward: 16370
[Gen 498 | Timestep 19] Prompt Length: 7 | Generated Tokens: 16384 | Reward: 16370
Generation 498 SUMMARY: {"generation": 498, "population": [{"prompt_length": 7, "reward": 16370}, {"prompt_length": 7, "reward": 16370}, {"prompt_length": 7, "reward": 16370}, {"prompt_length": 7, "reward": 16370}, {"prompt_length": 7, "reward": 16370}, {"prompt_length": 7, "reward": 16370}, {"prompt_length": 7, "reward": 16370}, {"prompt_length": 7, "reward": 16370}, {"prompt_length": 7, "reward": 16370}, {"prompt_length": 7, "reward": 16370}, {"prompt_length": 7, "reward": 16370}, {"prompt_length": 7, "reward": 16370}, {"prompt_length": 7, "reward": 16370}, {"prompt_length": 7, "reward": 16370}, {"prompt_length": 7, "reward": 16370}, {"prompt_length": 7, "reward": 16370}, {"prompt_length": 7, "reward": 16370}, {"prompt_length": 7, "reward": 16370}, {"prompt_length": 7, "reward": 16370}, {"prompt_length": 7, "reward": 16370}], "best_reward": 16372, "average_reward": 16370.0}
--- End of Generation 498 ---

[Gen 499 | Timestep 0] Prompt Length: 7 | Generated Tokens: 16384 | Reward: 16370
[Gen 499 | Timestep 1] Prompt Length: 7 | Generated Tokens: 16384 | Reward: 16370
[Gen 499 | Timestep 2] Prompt Length: 7 | Generated Tokens: 16384 | Reward: 16370
[Gen 499 | Timestep 3] Prompt Length: 7 | Generated Tokens: 16384 | Reward: 16370
[Gen 499 | Timestep 4] Prompt Length: 7 | Generated Tokens: 16384 | Reward: 16370
[Gen 499 | Timestep 5] Prompt Length: 7 | Generated Tokens: 16384 | Reward: 16370
[Gen 499 | Timestep 6] Prompt Length: 7 | Generated Tokens: 16384 | Reward: 16370
[Gen 499 | Timestep 7] Prompt Length: 7 | Generated Tokens: 16384 | Reward: 16370
[Gen 499 | Timestep 8] Prompt Length: 7 | Generated Tokens: 16384 | Reward: 16370
[Gen 499 | Timestep 9] Prompt Length: 7 | Generated Tokens: 16384 | Reward: 16370
[Gen 499 | Timestep 10] Prompt Length: 7 | Generated Tokens: 16384 | Reward: 16370
[Gen 499 | Timestep 11] Prompt Length: 7 | Generated Tokens: 16384 | Reward: 16370
[Gen 499 | Timestep 12] Prompt Length: 7 | Generated Tokens: 16384 | Reward: 16370
[Gen 499 | Timestep 13] Prompt Length: 7 | Generated Tokens: 16384 | Reward: 16370
[Gen 499 | Timestep 14] Prompt Length: 7 | Generated Tokens: 7805 | Reward: -35109
[Gen 499 | Timestep 15] Prompt Length: 7 | Generated Tokens: 16384 | Reward: 16370
[Gen 499 | Timestep 16] Prompt Length: 7 | Generated Tokens: 16384 | Reward: 16370
[Gen 499 | Timestep 17] Prompt Length: 7 | Generated Tokens: 16384 | Reward: 16370
[Gen 499 | Timestep 18] Prompt Length: 7 | Generated Tokens: 16384 | Reward: 16370
[Gen 499 | Timestep 19] Prompt Length: 7 | Generated Tokens: 16384 | Reward: 16370
Generation 499 SUMMARY: {"generation": 499, "population": [{"prompt_length": 7, "reward": 16370}, {"prompt_length": 7, "reward": 16370}, {"prompt_length": 7, "reward": 16370}, {"prompt_length": 7, "reward": 16370}, {"prompt_length": 7, "reward": 16370}, {"prompt_length": 7, "reward": 16370}, {"prompt_length": 7, "reward": 16370}, {"prompt_length": 7, "reward": 16370}, {"prompt_length": 7, "reward": 16370}, {"prompt_length": 7, "reward": 16370}, {"prompt_length": 7, "reward": 16370}, {"prompt_length": 7, "reward": 16370}, {"prompt_length": 7, "reward": 16370}, {"prompt_length": 7, "reward": 16370}, {"prompt_length": 7, "reward": -35109}, {"prompt_length": 7, "reward": 16370}, {"prompt_length": 7, "reward": 16370}, {"prompt_length": 7, "reward": 16370}, {"prompt_length": 7, "reward": 16370}, {"prompt_length": 7, "reward": 16370}], "best_reward": 16372, "average_reward": 13796.05}
--- End of Generation 499 ---

Best prompt found: In restricted Method RailEqualExport
Best prompt that created 16384 tokens: P longHOME props pressure Gill HE
